<?xml version="1.0" encoding="UTF-8"?>
<robot generator="Robot 6.1 (Python 3.8.0 on win32)" generated="20231001 20:32:06.525" rpa="false" schemaversion="4">
<suite id="s1" name="Code-Pinterest" source="C:\eta-pinterest-testes-mobile\code-pinterest.robot">
<test id="s1-t1" name="Cenário: Cadastro com sucesso" line="11">
<kw name="Dado que o usuário está na Página Inicial" library="keywords">
<kw name="Open Application" library="AppiumLibrary">
<arg>${APPIUM_SERVER}</arg>
<arg>platformName=${PLATFORM_NAME}</arg>
<arg>deviceName=${DEVICE_NAME}</arg>
<arg>appPackage=${APP_PACKAGE}</arg>
<arg>appActivity=${APP_ACTIVITY}</arg>
<doc>Opens a new application to given Appium server.
Capabilities of appium server, Android and iOS,
Please check https://github.com/appium/appium/blob/master/docs/en/writing-running-appium/server-args.md
| *Option*            | *Man.* | *Description*     |
| remote_url          | Yes    | Appium server url |
| alias               | no     | alias             |
| strict_ssl          | No     | allows you to send commands to an invalid certificate host like a self-signed one. |</doc>
<status status="PASS" starttime="20231001 20:32:06.774" endtime="20231001 20:32:18.955"/>
</kw>
<kw name="Wait Until Element Is Visible" library="AppiumLibrary">
<arg>${BEM_VINDO}</arg>
<arg>timeout=10s</arg>
<doc>Waits until element specified with `locator` is visible.</doc>
<msg timestamp="20231001 20:32:22.782" level="INFO">xpath criteria: //android.widget.ImageView[@content-desc="www.pinterest.com/"]
xpath criteria: //android.widget.ImageView[@content-desc="www.pinterest.com/"]
xpath criteria: //android.widget.ImageView[@content-desc="www.pinterest.com/"]
xpath criteria: //android.widget.ImageView[@content-desc="www.pinterest.com/"]
xpath criteria: //android.widget.ImageView[@content-desc="www.pinterest.com/"]
xpath criteria: //android.widget.ImageView[@content-desc="www.pinterest.com/"]
xpath criteria: //android.widget.ImageView[@content-desc="www.pinterest.com/"]</msg>
<status status="PASS" starttime="20231001 20:32:18.955" endtime="20231001 20:32:22.782"/>
</kw>
<status status="PASS" starttime="20231001 20:32:06.774" endtime="20231001 20:32:22.782"/>
</kw>
<kw name="Quando o usuário preencher os campos obrigatórios com informações válidas" library="keywords">
<kw name="Input Text" library="AppiumLibrary">
<arg>${EMAIL}</arg>
<arg>assiriacorujinhessssssssss@gmail.com</arg>
<doc>Types the given `text` into text field identified by `locator`.</doc>
<msg timestamp="20231001 20:32:22.786" level="INFO">Typing text 'assiriacorujinhessssssssss@gmail.com' into text field 'id=com.pinterest:id/email_address'</msg>
<msg timestamp="20231001 20:32:23.356" level="INFO">criteria is com.pinterest:id/email_address</msg>
<status status="PASS" starttime="20231001 20:32:22.783" endtime="20231001 20:32:23.357"/>
</kw>
<kw name="Click Element" library="AppiumLibrary">
<arg>${CONTINUAR_BOTÃO}</arg>
<doc>Click element identified by `locator`.</doc>
<msg timestamp="20231001 20:32:23.358" level="INFO">Clicking element 'id=com.pinterest:id/continue_email_bt'.</msg>
<msg timestamp="20231001 20:32:24.041" level="INFO">criteria is com.pinterest:id/continue_email_bt</msg>
<status status="PASS" starttime="20231001 20:32:23.357" endtime="20231001 20:32:24.041"/>
</kw>
<kw name="Wait Until Element Is Visible" library="AppiumLibrary">
<arg>${SENHA_CADASTRO}</arg>
<arg>timeout=20s</arg>
<doc>Waits until element specified with `locator` is visible.</doc>
<msg timestamp="20231001 20:32:52.419" level="INFO">&lt;?xml version='1.0' encoding='UTF-8' standalone='yes' ?&gt;
&lt;hierarchy index="0" class="hierarchy" rotation="0" width="1440" height="2872"&gt;
  &lt;android.widget.FrameLayout index="0" package="com.pinterest" class="android.widget.FrameLayout" text="" checkable="false" checked="false" clickable="false" enabled="true" focusable="false" focused="false" long-clickable="false" password="false" scrollable="false" selected="false" bounds="[0,0][1440,2872]" displayed="true"&gt;
    &lt;android.widget.LinearLayout index="0" package="com.pinterest" class="android.widget.LinearLayout" text="" checkable="false" checked="false" clickable="false" enabled="true" focusable="false" focused="false" long-clickable="false" password="false" scrollable="false" selected="false" bounds="[0,0][1440,2872]" displayed="true"&gt;
      &lt;android.widget.FrameLayout index="0" package="com.pinterest" class="android.widget.FrameLayout" text="" checkable="false" checked="false" clickable="false" enabled="true" focusable="false" focused="false" long-clickable="false" password="false" scrollable="false" selected="false" bounds="[0,84][1440,1979]" displayed="true"&gt;
        &lt;android.widget.LinearLayout index="0" package="com.pinterest" class="android.widget.LinearLayout" text="" resource-id="com.pinterest:id/action_bar_root" checkable="false" checked="false" clickable="false" enabled="true" focusable="false" focused="false" long-clickable="false" password="false" scrollable="false" selected="false" bounds="[0,84][1440,1979]" displayed="true"&gt;
          &lt;android.widget.FrameLayout index="0" package="com.pinterest" class="android.widget.FrameLayout" text="" resource-id="android:id/content" checkable="false" checked="false" clickable="false" enabled="true" focusable="false" focused="false" long-clickable="false" password="false" scrollable="false" selected="false" bounds="[0,84][1440,1979]" displayed="true"&gt;
            &lt;android.widget.FrameLayout index="0" package="com.pinterest" class="android.widget.FrameLayout" text="" checkable="false" checked="false" clickable="false" enabled="true" focusable="false" focused="false" long-clickable="false" password="false" scrollable="false" selected="false" bounds="[0,84][1440,1979]" displayed="true" /&gt;
            &lt;android.widget.FrameLayout index="1" package="com.pinterest" class="android.widget.FrameLayout" text="" resource-id="com.pinterest:id/base_activity_layout" checkable="false" checked="false" clickable="false" enabled="true" focusable="false" focused="false" long-clickable="false" password="false" scrollable="false" selected="false" bounds="[0,84][1440,1979]" displayed="true"&gt;
              &lt;android.widget.FrameLayout index="0" package="com.pinterest" class="android.widget.FrameLayout" text="" checkable="false" checked="false" clickable="false" enabled="true" focusable="false" focused="false" long-clickable="false" password="false" scrollable="false" selected="false" bounds="[0,84][1440,1979]" displayed="true"&gt;
                &lt;android.widget.FrameLayout index="0" package="com.pinterest" class="android.widget.FrameLayout" text="" resource-id="com.pinterest:id/brio_modal_container" checkable="false" checked="false" clickable="false" enabled="true" focusable="false" focused="false" long-clickable="false" password="false" scrollable="false" selected="false" bounds="[0,84][1440,1979]" displayed="true" /&gt;
                &lt;android.widget.FrameLayout index="1" package="com.pinterest" class="android.widget.FrameLayout" text="" resource-id="com.pinterest:id/fragment_wrapper" checkable="false" checked="false" clickable="false" enabled="true" focusable="false" focused="false" long-clickable="false" password="false" scrollable="false" selected="false" bounds="[0,84][1440,1979]" displayed="true"&gt;
                  &lt;android.widget.LinearLayout index="0" package="com.pinterest" class="android.widget.LinearLayout" text="" checkable="false" checked="false" clickable="false" enabled="true" focusable="false" focused="false" long-clickable="false" password="false" scrollable="false" selected="false" bounds="[0,84][1440,1979]" displayed="true"&gt;
                    &lt;android.widget.FrameLayout index="0" package="com.pinterest" class="android.widget.FrameLayout" text="" checkable="false" checked="false" clickable="false" enabled="true" focusable="false" focused="false" long-clickable="false" password="false" scrollable="false" selected="false" bounds="[55,84][1382,711]" displayed="true"&gt;
                      &lt;android.widget.ScrollView index="0" package="com.pinterest" class="android.widget.ScrollView" text="" resource-id="com.pinterest:id/pins_grid_scroller" checkable="false" checked="false" clickable="false" enabled="true" focusable="true" focused="false" long-clickable="false" password="false" scrollable="true" selected="false" bounds="[55,84][1382,711]" displayed="true"&gt;
                        &lt;android.widget.FrameLayout index="0" package="com.pinterest" class="android.widget.FrameLayout" text="" resource-id="com.pinterest:id/pins_grid_wall" checkable="false" checked="false" clickable="false" enabled="true" focusable="false" focused="false" long-clickable="false" password="false" scrollable="false" selected="false" bounds="[55,84][1382,711]" displayed="true"&gt;
                          &lt;android.widget.FrameLayout index="0" package="com.pinterest" class="android.widget.FrameLayout" text="" checkable="false" checked="false" clickable="false" enabled="true" focusable="false" focused="false" long-clickable="false" password="false" scrollable="false" selected="false" bounds="[55,84][1382,711]" displayed="true"&gt;
                            &lt;android.widget.ImageView index="0" package="com.pinterest" class="android.widget.ImageView" text="" checkable="false" checked="false" clickable="false" enabled="true" focusable="false" focused="false" long-clickable="false" password="false" scrollable="false" selected="false" bounds="[55,84][1382,711]" displayed="true" /&gt;
                          &lt;/android.widget.FrameLayout&gt;
                          &lt;androidx.recyclerview.widget.RecyclerView index="1" package="com.pinterest" class="androidx.recyclerview.widget.RecyclerView" text="" checkable="false" checked="false" clickable="false" enabled="true" focusable="true" focused="false" long-clickable="false" password="false" scrollable="false" selected="false" bounds="[55,84][1382,711]" displayed="true" /&gt;
                        &lt;/android.widget.FrameLayout&gt;
                      &lt;/android.widget.ScrollView&gt;
                      &lt;android.view.View index="1" package="com.pinterest" class="android.view.View" text="" checkable="false" checked="false" clickable="false" enabled="true" focusable="false" focused="false" long-clickable="false" password="false" scrollable="false" selected="false" bounds="[55,179][1382,711]" displayed="true" /&gt;
                      &lt;android.widget.ImageView index="2" package="com.pinterest" class="android.widget.ImageView" text="" content-desc="www.pinterest.com/" resource-id="com.pinterest:id/logo" checkable="false" checked="false" clickable="false" enabled="true" focusable="false" focused="false" long-clickable="true" password="false" scrollable="false" selected="false" bounds="[487,193][949,655]" displayed="true" /&gt;
                    &lt;/android.widget.FrameLayout&gt;
                    &lt;android.widget.TextView index="1" package="com.pinterest" class="android.widget.TextView" text="Bem-vindo(a) ao Pinterest" resource-id="com.pinterest:id/unauth_welcome_message" checkable="false" checked="false" clickable="false" enabled="true" focusable="false" focused="false" long-clickable="false" password="false" scrollable="false" selected="false" bounds="[166,711][1271,823]" displayed="true" /&gt;
                    &lt;android.widget.ScrollView index="2" package="com.pinterest" class="android.widget.ScrollView" text="" checkable="false" checked="false" clickable="false" enabled="true" focusable="true" focused="false" long-clickable="false" password="false" scrollable="false" selected="false" bounds="[55,935][1382,1839]" displayed="true"&gt;
                      &lt;android.widget.FrameLayout index="0" package="com.pinterest" class="android.widget.FrameLayout" text="" resource-id="com.pinterest:id/loading_layout" checkable="false" checked="false" clickable="false" enabled="true" focusable="false" focused="false" long-clickable="false" password="false" scrollable="false" selected="false" bounds="[55,935][1382,1839]" displayed="true"&gt;
                        &lt;android.widget.LinearLayout index="0" package="com.pinterest" class="android.widget.LinearLayout" text="" checkable="false" checked="false" clickable="false" enabled="true" focusable="true" focused="false" long-clickable="false" password="false" scrollable="false" selected="false" bounds="[55,935][1382,1839]" displayed="true"&gt;
                          &lt;android.widget.EditText index="0" package="com.pinterest" class="android.widget.EditText" text="assiriacorujinhessssssssss@gmail.com" resource-id="com.pinterest:id/email_address" checkable="false" checked="false" clickable="true" enabled="true" focusable="true" focused="false" long-clickable="true" password="false" scrollable="false" selection-start="0" selection-end="36" selected="false" bounds="[55,935][1382,1075]" displayed="true" /&gt;
                          &lt;android.widget.Button index="1" package="com.pinterest" class="android.widget.Button" text="Continue" resource-id="com.pinterest:id/continue_email_bt" checkable="false" checked="false" clickable="true" enabled="true" focusable="false" focused="false" long-clickable="false" password="false" scrollable="false" selected="false" bounds="[55,1089][1382,1229]" displayed="true" /&gt;
                          &lt;android.widget.Button index="2" package="com.pinterest" class="android.widget.Button" text="Continuar com o Facebook" resource-id="com.pinterest:id/facebook" checkable="false" checked="false" clickable="true" enabled="true" focusable="false" focused="false" long-clickable="false" password="false" scrollable="false" selected="false" bounds="[55,1299][1382,1439]" displayed="true" /&gt;
                          &lt;android.widget.Button index="3" package="com.pinterest" class="android.widget.Button" text="Continuar com o Google" resource-id="com.pinterest:id/gplus" checkable="false" checked="false" clickable="true" enabled="true" focusable="false" focused="false" long-clickable="false" password="false" scrollable="false" selected="false" bounds="[55,1453][1382,1593]" displayed="true" /&gt;
                          &lt;android.widget.TextView index="4" package="com.pinterest" class="android.widget.TextView" text="Ao continuar, você concordará com os Termos de Serviço e a Política de Privacidade do Pinterest." content-desc="Ao continuar, você concordará com os Termos de Serviço e a Política de Privacidade do Pinterest." resource-id="com.pinterest:id/terms_tv" checkable="false" checked="false" clickable="false" enabled="true" focusable="true" focused="false" long-clickable="false" password="false" scrollable="false" selected="false" bounds="[55,1677][1382,1783]" displayed="true"&gt;
                            &lt;android.view.View index="0" package="com.pinterest" class="android.view.View" text="" content-desc="Botão: Termos de Serviço" checkable="false" checked="false" clickable="false" enabled="true" focusable="true" focused="false" long-clickable="false" password="false" scrollable="false" selected="false" bounds="[58,1690][479,1723]" displayed="true" /&gt;
                            &lt;android.view.View index="1" package="com.pinterest" class="android.view.View" text="" content-desc="Botão: Política de Privacidade" checkable="false" checked="false" clickable="false" enabled="true" focusable="true" focused="false" long-clickable="false" password="false" scrollable="false" selected="false" bounds="[58,1690][479,1723]" displayed="true" /&gt;
                          &lt;/android.widget.TextView&gt;
                        &lt;/android.widget.LinearLayout&gt;
                      &lt;/android.widget.FrameLayout&gt;
                    &lt;/android.widget.ScrollView&gt;
                    &lt;android.widget.LinearLayout index="3" package="com.pinterest" class="android.widget.LinearLayout" text="" resource-id="com.pinterest:id/suggested_domains_view" checkable="false" checked="false" clickable="false" enabled="true" focusable="false" focused="false" long-clickable="false" password="false" scrollable="false" selected="false" bounds="[0,1839][1440,1979]" displayed="true"&gt;
                      &lt;android.widget.LinearLayout index="0" package="com.pinterest" class="android.widget.LinearLayout" text="" checkable="false" checked="false" clickable="false" enabled="true" focusable="false" focused="false" long-clickable="false" password="false" scrollable="false" selected="false" bounds="[0,1839][1440,1979]" displayed="true"&gt;
                        &lt;androidx.recyclerview.widget.RecyclerView index="0" package="com.pinterest" class="androidx.recyclerview.widget.RecyclerView" text="" resource-id="com.pinterest:id/suggested_domains_rv" checkable="false" checked="false" clickable="false" enabled="true" focusable="true" focused="false" long-clickable="false" password="false" scrollable="true" selected="false" bounds="[0,1839][1440,1951]" displayed="true"&gt;
                          &lt;android.widget.LinearLayout index="0" package="com.pinterest" class="android.widget.LinearLayout" text="" resource-id="com.pinterest:id/token_layout" checkable="false" checked="false" clickable="true" enabled="true" focusable="true" focused="false" long-clickable="false" password="false" scrollable="false" selected="false" bounds="[56,1839][444,1951]" displayed="true"&gt;
                            &lt;android.widget.TextView index="0" package="com.pinterest" class="android.widget.TextView" text="@gmail.com" resource-id="com.pinterest:id/token_name" checkable="false" checked="false" clickable="false" enabled="true" focusable="false" focused="false" long-clickable="false" password="false" scrollable="false" selected="false" bounds="[98,1862][402,1928]" displayed="true" /&gt;
                          &lt;/android.widget.LinearLayout&gt;
                          &lt;android.widget.LinearLayout index="1" package="com.pinterest" class="android.widget.LinearLayout" text="" resource-id="com.pinterest:id/token_layout" checkable="false" checked="false" clickable="true" enabled="true" focusable="true" focused="false" long-clickable="false" password="false" scrollable="false" selected="false" bounds="[472,1839][904,1951]" displayed="true"&gt;
                            &lt;android.widget.TextView index="0" package="com.pinterest" class="android.widget.TextView" text="@hotmail.com" resource-id="com.pinterest:id/token_name" checkable="false" checked="false" clickable="false" enabled="true" focusable="false" focused="false" long-clickable="false" password="false" scrollable="false" selected="false" bounds="[514,1862][862,1928]" displayed="true" /&gt;
                          &lt;/android.widget.LinearLayout&gt;
                          &lt;android.widget.LinearLayout index="2" package="com.pinterest" class="android.widget.LinearLayout" text="" resource-id="com.pinterest:id/token_layout" checkable="false" checked="false" clickable="true" enabled="true" focusable="true" focused="false" long-clickable="false" password="false" scrollable="false" selected="false" bounds="[932,1839][1392,1951]" displayed="true"&gt;
                            &lt;android.widget.TextView index="0" package="com.pinterest" class="android.widget.TextView" text="@yahoo.com.br" resource-id="com.pinterest:id/token_name" checkable="false" checked="false" clickable="false" enabled="true" focusable="false" focused="false" long-clickable="false" password="false" scrollable="false" selected="false" bounds="[974,1862][1350,1928]" displayed="true" /&gt;
                          &lt;/android.widget.LinearLayout&gt;
                          &lt;android.widget.LinearLayout index="3" package="com.pinterest" class="android.widget.LinearLayout" text="" resource-id="com.pinterest:id/token_layout" checkable="false" checked="false" clickable="true" enabled="true" focusable="true" focused="false" long-clickable="false" password="false" scrollable="false" selected="false" bounds="[1420,1839][1440,1951]" displayed="true" /&gt;
                        &lt;/androidx.recyclerview.widget.RecyclerView&gt;
                      &lt;/android.widget.LinearLayout&gt;
                    &lt;/android.widget.LinearLayout&gt;
                  &lt;/android.widget.LinearLayout&gt;
                &lt;/android.widget.FrameLayout&gt;
              &lt;/android.widget.FrameLayout&gt;
            &lt;/android.widget.FrameLayout&gt;
            &lt;android.widget.FrameLayout index="2" package="com.pinterest" class="android.widget.FrameLayout" text="" checkable="false" checked="false" clickable="true" enabled="true" focusable="true" focused="false" long-clickable="false" password="false" scrollable="false" selected="false" bounds="[56,1089][1050,1471]" displayed="true"&gt;
              &lt;android.widget.TextView index="0" package="com.pinterest" class="android.widget.TextView" text="Falha na consulta de e-mail. Tente novamente." checkable="false" checked="false" clickable="false" enabled="true" focusable="false" focused="false" long-clickable="false" password="false" scrollable="false" selected="false" bounds="[168,1201][938,1359]" displayed="true" /&gt;
            &lt;/android.widget.FrameLayout&gt;
          &lt;/android.widget.FrameLayout&gt;
        &lt;/android.widget.LinearLayout&gt;
      &lt;/android.widget.FrameLayout&gt;
    &lt;/android.widget.LinearLayout&gt;
  &lt;/android.widget.FrameLayout&gt;
&lt;/hierarchy&gt;</msg>
<kw name="Capture Page Screenshot" library="AppiumLibrary">
<doc>Takes a screenshot of the current page and embeds it into the log.</doc>
<msg timestamp="20231001 20:32:53.751" level="INFO" html="true">&lt;/td&gt;&lt;/tr&gt;&lt;tr&gt;&lt;td colspan="3"&gt;&lt;img src="data:image/png;base64, iVBORw0KGgoAAAANSUhEUgAABaAAAAvgCAYAAAD3x5X5AAAAAXNSR0IArs4c6QAAAARzQklUCAgI
CHwIZIgAACAASURBVHic7N15fBT1/T/w12dm9sidkIRb5PAWBA9USrUoKmKh8qhGtBQMirYeBSvW
FsRfvYvVKngiqICKRz2/KCCiAgJWi1agIpVDkFtICLl3d2Y+798fc2SX3dy72Y2+nz7ekszOzOcz
n7nf88msAEBgjDHGGGOMMcYYY4wxxuJMSXYFGGOMMcYYY4wxxhhjjP04cQKaMcYYY4wxxhhjjDHG
WEJwApoxxhhjjDHGGGOMMcZYQnACmjHGGGOMMcYYY4wxxlhCcAKaMcYYY4wxxhhjjDHGWEJwApox
xhhjjDHGGGOMMcZYQnACmjHGGGOMMcYYY4wxxlhCcAKaMcYYY4wxxhhjjDHGWEJwApoxxhhjjDHG
GGOMMcZYQnACmjHGGGOMMcYYY4wxxlhCcAKaMcYYY4wxxhhjjDHGWEJwApoxxhhjjDHGGGOMMcZY
QnACmjHGGGOMMcYYY4wxxlhCcAKaMcYYY4wxxhhjjDHGWEJwApoxxhhjjDHGGGOMMcZYQnACmrFW
EEKgW7duuOGGG/DRRx+hpKQEUkqYpgkppfuzEzt37sQbb7yBX//618jLy4MQItmLwBhjjDHGGGOM
McZYwggAlOxKMNaeCCGQn5+PWbNm4aKLLkJmZmaLEslSSpSWluL555/HHXfcAdM0E1BbxhhjjDHG
GGOMMcaShxPQjDWREAK9evXC+vXrkZ6eDkWJ3x8QSCmxefNmDBw4EFVVVXGbL2OMMcYYY4wxxhhj
ycQJaMaaoLCwEOvWrUOXLl0S+toMwzDg8/kgpUxYGYz9FPXq1QujR49ucJzVq1dj9erVbVQjxhhj
jDHGGGsbXbt2Ra9evVBQUIC8vDzk5uYiMzMTVVVVKCsrw+HDh1FSUoLt27dj7969ya5uyunZsyd2
7NiR7Grgr3/9a5PHnT9/fkrU2cEJaMYaoCgK7r//ftx+++1x7fFcHyLCBRdcgI8//jjhZTH2UzJs
2DC8//77DY5z11134e67726jGjHGGGOMMcZY/HXu3BkXXXQRLrroIpx66qno1asX0tLSmjx9bW0t
tm/fjq+++goffPABPvjgA+zfvz+BNU5t1113HQYMGICbbrop2VUBUdNTuOeddx5WrFiRuMo0k5bs
CjCWqrKzs7Fhwwb06NGjzb4sUAiBuXPnomfPns06sDDGGGOMMcYYY+ynx+/349xzz8WwYcNw0UUX
oW/fvq2aX1paGk466SScdNJJGDNmDADg66+/xtKlS7F06VKsXLkSoVAoHlVPeRMmTMDs2bPx1FNP
Jbsq7R4noBmLITs7GwcPHoTX623zsrt27Rrx+/LlyzF06NCUey2Hoijo3bs3zjnnHOTn5+PQoUNY
uXIlduzYkdQvVPT5fDj99NMxcOBAqKqKzZs3Y9WqVaioqEh6Up/bjDHGGGOMMcZYvPTu3RuTJk3C
+PHjkZWVlbBy+vbti759++L666/H888/j8ceewzfffddwspLBRMmTMCcOXOSXY0fFeLg4KiL/v37
k67rlCxSSho8eLBbn2XLltGhQ4fI6/UmvW2cyM/Pp8cee4y2bdtG1dXVFAqFqLq6mrZv304PPvgg
5efnJ6VegwcPpoULF9L+/fspEAhQKBSisrIy+s9//kNjx47lNmtnbRbPGDZsWKP73l//+tek15OD
g4ODg4ODg4ODg6OxKCwspJkzZ1IwGGyDLEW0YDBIM2bMoMLCwqS3RSJiwoQJEcv75JNPJr1OAJq1
joYMGZL0+h4RSa8AB0fKRHZ2dlKTz44ZM2a4dZo1axYREZWWlia9fQBQRkYGzZ07lwzDiFl3Xdfp
448/puOOO67N6qRpGg0fPpy2b99OUsqY9aqsrKTi4mJSFIXbrB20WbyDE9AcHBwcHBwcHBwcHO09
srKy6K677qKKiopG72/aQkVFBf2///f/KCsrK+ltE6+46aabopazLRPQjz76KJWVlSVkfW3fvj1p
970p+wqO9PR0nH766ejcuTPy8/MRCARw6NAhbNmyBZs2bUpImSeddBL69OmDzp07Q9d17N+/H//7
3/9S5lsjO3XqhFNPPRWFhYXIzMx0v6X0s88+Q2VlZdzLS8Y6SKasrCwcPHgQmpb83eJnP/uZ+/PB
gwcBAB06dMCmTZtw0kknJe21CEIIjB07FldeeSVUVY05jqZpOO+88/Duu+9izJgx+M9//pPQ14f4
/X7cdNNNuOeee5Cenl7veJmZmbjzzjuxcuVKbN++PWH1ORK3GWOMMcYYY4yx1jr99NMxd+5c9OvX
L9lVcWVlZeHuu+/G5ZdfjvHjx+PLL79MdpVa5aabbsITTzyRtPJnzJiBSZMmJWz+PXv2xF133QUh
BO66666ElVOfpD9dcCIrK4umTZtGq1evpurq6noz9nv27KG3336bLr744laX2b9/f5o/fz599913
McsyTZM2btxIjz/+OPXo0aPN26RHjx70yCOP0MaNG+vtmRsIBGj9+vU0ffr0VtcxGesgFUJRFNqx
Y0eznhwl0r59+0gIQQDozjvvdIdLKenvf/970topPT2dFi5cGFHX6upq2rRpU8wndPv376fx48dT
RkZGwvaPxx57jAKBQFTZO3fujOrdW1tbS1dffTW3WYq3WSKCe0BzcHBwcHBwcHBwcLTHyMjIoEce
eYRM02z0niaZTNOkf/zjH+Tz+ZLeZi2JWD2fHW3VAzpRPZ+PtH379mS0cfJXsrOi9+zZ0+xG+/DD
D6lXr17NLs/v99Ps2bOptra2yWWVlZXRXXfd1WZtcv/991NVVVWz2qO6upoeeOAB8ng8Kb8OUike
fPDBZi93ItXW1roJ6BkzZkR8JqWkE044ISntlJOTQxs3boyoz7x586hTp050xRVX0KFDh6KWpaqq
iu677z7y+/1xrUufPn3o448/jvlg5pNPPqGTTz6ZBg4cSDt37nSHG4ZBDzzwALdZirdZIoIT0Bwc
HBwcHBwcHBwc7S06dOhAH330UaP3Mqnko48+og4dOiS97ZoTDSWfidouAd2WktDOyV/Rjz/+eL3v
IG2Kffv20cCBA5tcXpcuXWjVqlUtLu/VV1+Ne2IoPHJycmj58uUtrh8R0cqVK5v1Dp62XgepFAUF
BSn3JNE0TdI0jQDQe++9F/V5dXV1Ut7Lm5ubS5s3b46oy9SpUwkAqapKv/jFL2jt2rVR9a2qqqIF
CxZQ165d41KPQYMG0RdffBG13gKBAM2dO5d69uzp1mnZsmUR4zzzzDPcZineZokITkBzcHBwcHBw
cHBwcLSnOOuss1LqL7WbY8eOHXTKKackvQ2bEo0ln4k4AR2nSO6Kfuihh+LScNu3b6fu3bs3Wp7f
76fPPvus1eW9+uqrCWkPj8fT6uSzY+nSpSm5DlIphBC0d+/euCx/PEkpKS0tjYQQtH79+pifO0nM
toxYydQpU6ZEjNOnTx9avXo1hUKhqHr/+9//pu7du7c4ee7xeGj06NEx26O6upruueceUlU1Ypr3
338/YtzZs2dzm6V4myUiOAHNwcHBwcHBwcHBwdFe4qyzzmr2X8SnmsrKSho0aFDS27KhaErymah9
JKCb26k0Ce2dvBVdVFRU73uNdV2nVatW0YwZM2jatGk0ffp0WrJkCQWDwXob77nnnmu0zOnTp9c7
/cGDB2nBggV099130wMPPEBvv/02VVZW1jv+2LFj494m9957b73lBQIBWrp0KT344IN0xx130N//
/ndavHhxg68Rue6661JuHaRS9O7du1U9vxNFSkl+v5+EEPV+u61pmlGJw0RHU5KpgNWr/KmnnopK
qEopafPmzfTLX/6y2XXPzc2lu+++m0pLS6PaYvfu3XTVVVdRWlpa1HTJTqZym6VGcAKag4ODg4OD
g4ODg6M9xPnnn9/uk8+OyspKuuCCC5LeprHi1ltvjVnnqqqqqFdlPvHEE21Sp9ZobmfWJLR58lb2
119/HbMRtm/fTkOGDIk5zaBBg+r9E4RAIEDdunWrt7y8vLyY71slsnoLd+nSJWqavn37xuyBSkS0
YcOGuLZHYWEhlZeXxyzrq6++ogEDBsScrm/fvvTf//435nQbN25MqXWQSiGEaPABw5GklA1GPDnJ
ZSFEzF6xjnvvvbdN26ypyVTA+qKEP/7xjzF7mO/atYtuvPFGSk9Pb1K5PXv2pNmzZ0d9cZ5pmvT5
55/T0KFD3XdmHxnJTqZym6VGcAKag4ODg4ODg4ODg6M9xJGvRGzvli1blvQ2PTLq6/lcWVlJZ555
Jn3zzTcRw1O9B3RZWRlNmjSpWdMkod2Ts7KvvvrqmA1w+PBh6tevX4PTDh48mGpqamJO/4c//KHe
6W6//faY02zYsKHBpE6vXr3ohx9+iDntsGHD4tYmEydOjFnG9u3bqVOnTg1Oe+KJJ8Z8QialpJNO
Oill1kEqRWPvfpZSkmEY9O2339LTTz9No0ePpgEDBlCnTp0oJyeHTjjhBLrgggto6tSp9Je//IUe
eughWrduHdXW1rY6IV1WVkZCiEZ7aOu6Xm8SMRHRnGQqANI0jYYPH07ff/99VN2rqqroiSeecN91
XV906dKF1qxZQ4ZhRK2fRYsWUZ8+fRpsg2QnU7nNUiM4Ac3BwcHBwcHBwcHB0R6ioKAg4ovh27Od
O3dSQUFB0ts0PCZPnhyzrk7yGUC7S0BPmjSJE9D1xeuvvx6zAR588MEmTf/aa6/FnP6FF16od5r6
vjn0t7/9baPl3X///TGnnTVrVsLb5C9/+UuTpn/77bdjTj9p0qSUWQepFG+++WZU3aWUFAqF6JVX
XqE+ffq4vZCFEHTUUUfRzJkzqaysjHRdJ9M03SS1x+MhAO64HTt2pIcffpiCwWCLktFbt24lIQTd
d999DY4npaSzzz67zdqsuclUp03OOuss+vzzz6MSorqu0xtvvEFdu3aNSogKIeiSSy6hLVu2RLVh
KBSixx9/nAoLCxutc7KTqdxmqRGcgObg4ODg4ODg4ODgaC/Rv3//ejv9tRc1NTXUv3//pLdleDQl
+Qy0rwT03r17CUDKJ6AVJMnAgQOjhhER5syZ06TpP/zww5jDCwoK6p1mwIABUcPKysrw2muvNVre
Sy+9BGv9RDr99NMbndbv9+OMM85AXl5eg+N16tQp5vCPPvqo0TIAYP369c2abzLWQaoQQuDCCy90
fyci7NmzB7/61a/g9/tx1VVXYdu2bfD5fPj73/+OiooK7Ny5ExMnTkRubi40TYOiKBBCAABM03Tn
Q0Q4cOAAbrvtNvj9fpx99tnYsGFDzO2nPhs3bgQAXH/99Y0ux3333dfcxU84p10Aq00+//xzDB06
FIsWLXLbCgA0TcNll12Gjz/+GKeccoo7nc/nw9ixY/Hiiy/imGOOiZhfeXk57rzzTtxyyy04ePBg
veW2N9xmjDHGGGOMMcYAK78zbty4ZFejVcaNG1dvnioZJk+ejIcffjhqeFVVFYYOHYp///vfSahV
6xUVFSW7Ck2StAR0rKTonj17sHXr1iZNv23btpjD/X5/zOH9+/dHhw4dooavX78euq43Wt6mTZuw
Y8eOqOHHHntsg9M9+uijOHToENauXYuSkhIsXrwY3bt3jznuAw88gDFjxkSFk4xszOHDh2MOz83N
jTm8rddBKunWrRsyMzMBWMnjgQMH4qijjsJ7770HKSUAYNmyZSgvL8dtt93mjhvLQw895E5zJCLC
v//9b/Tv3x/HHnssKioqmlS/pUuXIiMjA/n5+Y2Oe+aZZ6ZUErFjx44477zzoGlaxPCqqipce+21
uO+++3Do0KGIz44//ngsWLAAV1xxBTp16oS//vWvePzxxyP2WSLCxo0bce211+LBBx+MSMoCQFpa
Gs4777zELVgCcZsxxhhjjDHGGAv3xhtv4MEHH0x2NVrkwQcfxBtvvJHsarh+rMnnrVu3Ys2aNcmu
RpNojY8Sfzk5OdiyZUtU0qypiU/A6u0XS31J2L59+8YcvnPnziaXuXv3bvTq1StiWE5ODo455piY
dZ84cSJuueUW93dFUTB8+HDMnDkTl112WdT477//fpPrEktOTk7M4eXl5THHbet1kEp+9atfAQBe
eOEFFBcXu72ThRC47bbbMH36dChK489niAjz5s1rUpnbtm1Dbm4uJkyYgFmzZtU7fyklXn75Zcye
PbtJdcjIyEBhYSEOHDjQpHokWrdu3fDCCy/gzjvvxIsvvgjDMNzPSkpK8MADD2Dfvn2488470bVr
V3cbPPnkk/H000/jf//7HwYOHBiRjJVSYs2aNfjjH/+Ir776KqrMzp0745577kHnzp3x8ccfJ34h
44zbjDHGGGOMMcbYkaZMmYLevXu3m16uAPD6669jypQpya6G68eafAaA4uLiZFehyZKSgC4vL8cp
p5zSqnnEep0GAHz77bcxh9fX63jfvn1NLrO+cfv06RMzcTty5MiY419wwQVNLrM5zjjjjJjDP/vs
s6hhyVgHqeTSSy/F8ccfjy1btrjDnKR8QUFBk3sUExF27drV5HKdV5y8/PLL2LdvH7KysqLGCYVC
CIVCTT7BKIqCs846C++++26T65FIQgh06tQJM2fOxKmnnoo///nPqK2tdT8PhUJ47rnn8M033+Cl
l15Cjx493M/y8vIwaNCgiPkREV599VXcfvvt2Lt3b9SrTHr27In58+fjZz/7GVauXJnYhUsQbjPG
GGOMMcYYY0ciIowbNw7HHntsvTmYVLJu3TqMGzeuWa8gTaQfc/J5xYoV7ab3M5DEV3C01vDhw2MO
r++9xLFevwEA1dXVTS4zPCEUrmPHjjGHezyeeofX91lLDRw4MOKdxo4dO3bg//7v/+JalqO56yCV
XHzxxRHJ50GDBqGsrAyFhYXNep2FaZoIBALNLr+6uhp5eXn49NNPoz5btGgR7rrrrqjXMTRk2LBh
za5DomVlZeHGG2/EnDlz0LNnz4h2NQwDq1atwvnnn4+PPvoo6tUQjsOHD2PmzJm4/vrrsWfPnoiT
mMfjwQUXXIAlS5bg3HPPbVZ7pSpuM8YYY4wxxhhj4QKBAEaOHBn1fT6p5uDBgxg5cmSLciSJ8GNO
PhNRu+r9DLTTBPTQoUPx85//PGr4pk2b6v3CvrS0tJjD60sqN2fc9PT0mMM/+eSTmMM///zzJr13
uqn69euHl156KeYrMR599NG4lROuJesglYQn5W6++WasWbOmRe9R3rVrV73vf26MaZoYPHgw/vnP
f7rDpJT4wx/+gMmTJzdrXk35MsxkUFUVY8aMwauvvooTTzwx6vNt27ahqKgIr732GkKhUMRnhw4d
wq233opbb7016kGREAJXXXUV3nzzTZxwwgkJXYa2xm3GGGOMMcYYYyzc7t27MWrUqLjmkuJJ13WM
GjUKu3fvTnZVAACvvPLKjzb5DAArV67E999/n+xqNEu7S0B7PB489NBDMZOFzzzzTL3T1dfTrzl/
FlBfj0Ov1xtz+L333ou33noroowNGzZg4sSJTS7T0b17d5x44olunH322fjtb3+LuXPnYtWqVTju
uOOiplm0aBEee+yxZpfVmJaug1R0880347HHHmvxl/jt3bu31XW48sorsXDhQgDAgQMHsGLFiia9
+zlc+CsZUtGZZ56JhQsXYsyYMVGflZWV4frrr8e0adNQWloKIsKXX36JoqIivPTSS1H7aGFhIR55
5BHMnDkT2dnZbbUIbY7bjDHGGGOMMcaY49NPP21RPqktTJw4MeZfeCfDunXrcOWVV0YN/7Ekn9tj
72cHtaeYMWMGxbJ+/foGp5s1a1bM6SZPntzksp944omY85g0aVKD0/Xr14/GjBlD5557Lnk8nhYt
9wcffBCz7PosWbKEsrKyUmodpFr89re/JSlls9r1SO+9915c6iKEoO+//56mTZvWojpVV1e3SZvl
5ubS5s2bI8qeMmVKxDinnXYa6boes55lZWV0xx13UEZGRtS8PR4PXXrppfTOO+/QcccdR0KIqDbq
3r07vfXWW/W2w4cffhg13/fffz9inNmzZ7fpdsZtlvjweDz09NNPU21tbb3LGQ8VFRX0t7/9LenL
y8HBwcHBwcHBwcHx04368lvJMmvWrKS3iRNff/11zDpWVlbSmWee2eT5fPPNNxHTP/nkk21S/6aY
M2dOzGknTZrUrPWWhPWT/A2kqTF27FgyDCOq0QKBAA0ZMqTBaZOZgI5HNDUBffDgQbrjjjtSch2k
Uhx99NFkmmaT2rQhb731Vtzq5PP5WlynmpqaNmm31iZTiYhqa2vp2Wefpfz8/Kj5K4pCPp8vZtln
nXUWrV+/Pub250jFZCq3WdtEfn4+zZkzp97lbC0pJf3tb3+jzMzMpC8rBwcHBwcHBwcHB8dPNzRN
o9WrVyfs3qc5Vq9eTZqmJb1NgPgln4HUTUDrut7kefXo0aPBDo5tvt2inTjnnHPw+OOPQ1XVqM8e
eeQRrFixou0rlYL27duHqqqqhMz7x7QO/ve//zX7NRexZGRkxKE2gM/nQ3l5eYvrlKrvgYrF7/fj
mmuuQZcuXfDnP/8ZGzdudF8ZIaVEMBiMGN/r9eLSSy/F9OnT0bt372RUOem4zRpXWlqK6667Dl6v
F2PGjIl5nGqpYDCIiRMnYvbs2XGbJ2OMMcYYY4y1hGEYGDVqFNasWRPzdaxtZfPmzRg1ahQMw0ha
HRxff/01Tj75ZPf3RYsWAbC+wHHq1KnYvHlzs+a3cuVKfPfddxHzTwXz5s1r8rjz589v8etmE6Fd
JKCPP/54vPzyy8jJyYn67KOPPsLUqVOTUKvU1K9fP8yYMQPFxcUoLi7G+vXr4zLfH9s6qO+93c2V
m5vb6nl4vV7s3Lkz5pdINtWhQ4daXY9E2rNnD7p06eIm2IUQGD58OE4++WTceOONWLx4cczpMjMz
MXnyZEyePBlZWVkRn1VUVKCiogLdu3dPeP2TgdusZW666SbU1NTgmmuuict+fvDgQUydOhXPPvts
HGrHGGOMMcYYY61XUlKCESNG4IsvvkjK9/xUVFRgxIgRKCkpafOyj3Rk8tkxYsSIFs/zhhtuaE2V
EqK2thbXXXddk8YdPHgwhgwZktgKNVPKfwlh9+7d8c4778RMmGzduhVjx45NQq3a3tKlSzFv3jzM
mzcP8+fPxxtvvIFVq1bVm3gcMGAAli5dir59+7a67B/jOojXU6Bu3bq1avqMjAzs3LkTHTt2bNV8
wp/MpaJHHnkEDz/8MCorK91hQggcffTRmD17NiZNmhTVm7xHjx54/PHHMXXq1KhE6t69e3HjjTdi
2bJlbVL/ZOA2a5mqqipMmTIFL730UqvnVV1djYkTJ+LFF1+MQ80YY4wxxhhjLH62bNmCoqIiSCnb
tFwpJYqKirBly5Y2LTeW+pLPbd0mbWHKlClNHrc5PaXbSkr3gM7Ly8Pbb7+NE044IeqzkpISXHXV
Vdi3b1+T5uX8uXoitMWG/Y9//CPmcOdP86dNm4YuXbpEfNapUyfMmTMHgwYNanG58VwHqaSkpASF
hYWtnk+XLl2gaVqL/uQkPz8f3333XVyeVqbKt83WZ8+ePZgxYwa2bt2KmTNnIi0tzf2sW7dueOih
h9CpUyfce++9CAQCOOaYY/DKK6/g1FNPjXgtCRFh48aNuPjii7F3714MHjw4GYvTJrjNWu7w4cO4
9tprIYTAmDFjWtQTeu/evbj00kvxxRdfJKCGjDHGGGOMMdZ6H3zwAe644w787W9/a7My77jjDnzw
wQdtVl596ks+A8D27dvbuDaJRUQYNWoURo0a5Q6bNm0a1qxZEzXu4MGDccwxx7Rl9ZokZXtA+/1+
vPXWWzjjjDOiPquqqsKYMWOalRioL0HYnPeE1vd+3lAo1OR5xFsgEMBTTz2Fiy66CPv374/6/Oyz
z8bo0aNbNO94r4NUsnbt2rjNy+/3N2t8IQQuvfRSHDhwIC7JZyLCkiVLWj2fRJNS4tlnn8WwYcPw
1VdfRTy48Xg8+NOf/oR//vOfGDNmDBYtWoTTTz89Yp8LBAJ46aWXMHLkSOzZsyehD5VSBbdZ69x6
6614+OGHo96R3ZgtW7bguuuuw5dffpmgmjHGGGOMMcZYfEyfPh2vv/56m5T1+uuvY/r06W1SVkMa
Sj4D1usqfkyEEBgyZEhExMrVAWizbaG5UjYB/corr8R8X0kgEMC1117b7KctNTU1MYc3J3mYnp4e
c3h1dXWz6pIIX3/9db29pH/zm9+0aJ7xXgepZMGCBXFJxgkhcPzxxzdr/E2bNuHtt9+Oy5cgOlLl
hfiNISKsWrUKxcXFWLx4cURiUNM0jBgxAi+++CKOPfbYiOlKSkowY8YM3HzzzdixY0cb1zq5uM1a
7vDhw7jnnnvwpz/9qcnTbNu2DZdccgmWLl36k0vYM8YYY4wxxtqncePGYd26dQktY926dRg3blxC
y2iKxpLPjRkwYAAeffTRBsfJzc3F3Llz4/K9X21p0qRJUW9HSBUpmYB+/vnnI7qVOwzDwM0334x/
/vOfzZ5nfe9KPvIdqg2pLwF98ODBZtcnEebOnRuzp99pp53W7HklYh2kkmXLlsUtAT1t2rRGx/P7
/bj33nthGAaOP/74uH4TaWlpacR7gtuDDRs2YPz48Xj44YcbfX1JSUkJfv/73+Ovf/0rKioq2qiG
qYfbrGWCwSAef/xx3HbbbQ3uJ0SEL7/8EhdeeCG2bt0K0zTbsJaMMcYYY4wx1nKBQAAjR47Erl27
EjL/Xbt2YeTIkQgEAgmZf1Nt2rSp1cnn5cuX45ZbbsHcuXNjjpObm4vly5ejuLgYy5cvb1dJ6Lvu
uivZVahXyiWgH3roIYwfPz5quJQSt99+O5577rkWzXfPnj0xh3ft2rXJ8+jcuXPM4Vu3bm1RneKt
tLQUBw4ciBpeX73rk6h1kEpKSkpQVlYWl3ldeumlMRPKQggUFhbi+eefR1VVFaZNmxbXXs+Oay0R
/wAAIABJREFUxYsXt8uemiUlJbjvvvtwww031PvNuatXr8Yll1yCd955J6mvukkV3GYtN2vWLNx3
33317itLly7FNddc85PtLc4YY4wxxhhr33bv3o2RI0fG/fUTtbW1GDlyJHbv3h3X+TbXpk2bYn4/
WVM5yWcnoVxcXByVhHaSzwMGDIg5TSqbNGlSStczpb6EcOrUqZg8eXLUcCLC3Xff3WgX+YasX78+
5vCjjz66yfPo3r171LDy8nJs27atxfVy5OTk4Oabb44avn///mYlfGP1gFZVFX6/v0lPqhK5DlIJ
EWHBggWYOHFiXOaVl5eHsrIyKIqCTp06obi4GLfffjuys7Pj2tv5SFLKZr1eINUEAgE8++yzWLFi
Bd5//3307t0bQgiYpomFCxdiwoQJ9f71wk8Vt1nLVFdX45FHHkFVVRWefPLJiM8++OAD/PrXv/7R
vSeMMcYYY4wx9tOyfv16jBs3Lq7vAR43bly9ObW20trkM2AlnI9M0BYXFwMAxo8fH5V8dgwYMABD
hgzBO++806ryE60tv4iypSgV4oYbbiDDMCiWhx9+OC5llJaWRs378OHD5PF4Gp32uOOOIyll1PRr
166NS938fj+Zphk1/61bt8ZlGVNlHaRSeDyeepe3ubZs2UK7d+8mXddjrsdEqa2tbdM2y83Npc2b
N0fUYcqUKRHjnHbaaaTresQ4o0ePbnTep5xyCi1cuJB++OEHuv/++yknJ6fRaZ566qmIcj788MOo
cd5///2IcWbPns1tluJtluj405/+ROXl5WQYBr3yyivUuXPnpNeJg4ODg4ODg4ODg4MjXjF9+vSm
JxYaMH369KQvy6ZNm+JW73nz5sUcf+7cufTVV1/F/Ky4uLjNlrU5Jk2a5E43Z86cZrdRW6/HlOgB
feWVV+LRRx+FqqpRnz377LO47bbb4lLOV199haFDh0YMy8nJwejRo/HSSy81OO1VV10Vsyfrf/7z
n7jULRAIoLy8HHl5eRHDe/XqhRNPPBGbNm1qdB5Dhw5Fhw4doobHei3HkdpqHaQSXdexe/fuZvWC
r0/v3r2xatUqdOvWLQ41axoiwgUXXNBm5SXahg0bMGbMGJx66qlYvXo1pJTJrlLK4zZrmaeffhoA
0KVLF9x///0oLS1Nco0YY4wxxhhjLH6mTJmCAQMGYNiwYS2ex9KlSzFlypQ41qr54tHzOZzT4/nq
q6+OOfxI48ePx7x58+JWfqLUV/9UkvR3QF988cWYM2cOfD5f1Gevv/46rrvuuriVtXTp0pjDJ0+e
DI/HU+90+fn5mDBhQszPmtIF3+/344wzzohKLh/pv//9b9QwRVFw9913N1oGAPz5z3+OOfxf//pX
g9O15TpINf37949L0k5RFOzbty/mK1ASRdf1Rtdte1NZWYlPPvmEE6nNwG3WfFVVVXjooYdw6623
cvKZMcYYY4wx9qNDRCgqKsLmzZtbNP3mzZtRVFSU1O+binfy2VFcXIz58+c3Ol57ST7PmTMHmpYS
/YsblNQaDho0CAsWLEBmZmbUZ0uWLMGYMWPiWt68efMwderUqHe+DBgwAC+//DKuvvpq1NTURHxW
WFiI1157Leb7nzdt2oQlS5Y0WOajjz6K3/3ud0hLS4OUEkuXLsX1118f8+XtS5Yswbnnnhs1vKio
CE8++SRuueUW6Loe9bnf78esWbNw4YUXxqzDm2++WW/92nodpJry8nJ8+umn+PnPf97qeRUVFaF7
9+74/vvv4fV641C7+hERhg0blhJJx/79++M3v/mN+3vPnj0T+t7rhnTu3DmiLoDVy9VBRDAMo62r
FYXbjDHGGGOMMcZYIlVWVmLEiBH44osvkJ2d3eTpKioqMGLECFRWViawdg1LVPLZUV9PaEd7ST73
6NED1157bbKr0SRJS0D37dsXb7zxRsxXRhARsrKysGzZshbP/6qrrsK+ffsihh08eBDPPfdczC/Z
u/zyy3HKKafg9ddfxzfffANFUdC/f3+MHj0aRx11VMwyZs6c2WAdJk6ciFtuucX9XVEUDB8+HDNn
zsRll10WNf7TTz+N3/3ud+jZs2fUZzfeeCMuvvhiLFy4EOvWrUNFRQXy8/MxYMAA/OpXv6q3jsuW
LcPChQtjfpaMdZCKhg4ditraWihK6/4gQFVVLF68GGeccQa++uqrmK8ziZfvvvsOK1euTNj86yOl
REVFRcSw0aNHY/To0W1el1hOPvlkLFiwoN7PTdPE3r1727BG3GaMMcYYY4wxxpJjy5YtKCoqwnvv
vdfgX/47dF1HUVERtmzZ0ga1iy3RyWcAyM3NRf/+/ev9/Be/+EW7SEDPnz8/aZ3ZWiIpLxG/5557
mv2C7Obo06dPzHLT09Np3bp1rZ7/4sWLG13GZcuWxZy2vLy83mkuv/xyCgQCra4fEdHevXupX79+
KbcOUjFGjBgR80smm0tKSUVFRdSvX7+oL5WLF9M0KTs7Oynt5PF4aPr06c1etqZ8oV5L4sgv1GvM
Dz/8QIMHD+Y2S/E24+Dg4ODg4ODg4ODg4Ihf/P73v2/S/d/vf//7pNbz22+/bdb9an0a+vLE3Nzc
er9wMNzcuXPbfPmb44EHHmhVHqutly3p74BuazU1Nbjiiitivm+5qVasWIGxY8c2Ol59T5c8Hk+9
n73xxhu49tprUV1d3eL6AcDevXtx6aWXtmo5f0oWLVqEDz74oNXzEULg1Vdfxa5du3D00UfH/RUZ
RIRRo0ZF9ahtK7qu44knnsBnn32W1HdBtUQgEMCCBQvwxRdftGm53GaMMcYYY4wxxpJp1qxZeOaZ
Zxoc55lnnsGsWbPaqEbRvv32Wxx33HEJLSM3NxfLly/HgAEDGh23uLgYc+fOTWh9WuOGG25oV72f
f3IJaMB6mfp5552HhQsXNishZBgGXnjhBQwfPrxJX1z1ySefxBz++eefx3yXs2PBggW48MIL8emn
nza5bg4iwttvv42zzjoLa9eubfb0P1VEhF/+8pc4cOBAq+elKAp27tyJAwcOID09Hbt27Ypb4vGZ
Z57Bu+++G5d5tdTu3bsxZswYTJ8+Hd9//31S69IUoVAIa9euxYQJEzBt2rQ2/aJIB7cZY4wxxhhj
jLFkuvnmm7FmzZqYn61ZswY333xzG9eozqZNm+KafO7du3fUsIaSz+PHj4/5xYSpnIQ+8vvt2oOk
dKtPldc/XHLJJbR8+XKqqampd16VlZW0ZMkSOvfcc5u1jB6Ph958882ILvHr169v8LUYR8aVV15J
77//foP1IyI6dOgQvf7663T++ee3u3WQSqGqKlVVVcVl+Q8cOEBCCBJC0K233kqGYbR4XlJKWr58
OQkhkt5GHBwcHBwcHBwcHBwcHBwc7S8KCgpo586dEfmGnTt3UkFBQdLqFK/XboR77733osqZN29e
zHGLi4ubNU4ioy219XoW9g8/eXl5efjlL3+Jo48+GgUFBZBSoqSkBN999x3effdd1NTUtHje/fr1
wymnnIJdu3bhX//6V4O9n+uTnp6OoUOHol+/fsjLy4Pf70dlZSVKS0uxdu3aentbs+bLyMjA/v37
kZmZ2ep57d27F0cddRSklMjKysK7776Lc845p1lfeEhEWLlyJc4///x29woHxhLhsssuw2mnnZbs
agAA7rjjjmRXgTHGGGOMMcaarH///vjXv/6FtLQ01NbWYtCgQVi/fn1S6pKo124sWrQII0aMiBiW
m5uLFStWRHz54Pjx46O+bHDevHm4+uqr3d/nz5+P4uLiuNcxlrbM+STj9R1JfwLDwZFqIYSg7du3
x+WLCUtLSykjI8Odb3p6On388cek63qj85dS0tNPP01CCMrKyqKcnBxKT08nAJSZmZn0duLgSEY8
99xzrd4v4yXZbcHBwcHBwcHBwcHBwdHcKCoqIiKioqKipNUhET2fHbF6QAPWFxCuW7eOiBru1ez0
hJ43b16btsmKFSsS1ibh3nnnnTZf39wDmrF6KIqCp59+Gtddd12rnwzV1tbivPPOw+eff+4O83q9
uOKKK3D77bfj5JNPdstw/pVSoqioCG+99RYA4Be/+AUuvvhinHnmmZg1axbuuecenHjiia2qF2Pt
0XPPPYdrrrkm2dUAkJynxowxxhhjjDHWWmeffTY+++yzpJT961//GhMnTkzY/D/88EPcd999MT/L
zc3FkCFD8M477zQ4j+Li4qje0Yk2YMAArFixAjk5OQkro7y8HEOGDMG6desSVkYsnIBmrBEDBgzA
559/Do/H06pkk5QSr7zyCsaOHRv1ZxU+nw9du3bFOeecg9/85jfo3bs3zj77bBw6dMgdJy8vD1dc
cQVGjBiBtWvX4tprr8XRRx/d4vow1l5xApoxxhhjjDHG2I9Rz549MWTIEPTs2TPu896xYwfeeecd
HD58OO7zbgwnoBlrAlVVMX36dEyePLnVCadgMIjLL78c7733XoumF0KAiKAoCqSUraoLY+0RJ6AZ
Y4wxxhhjjLH2gxPQjDWDpmmYPXs2xo0bB0VRWpx8IiIEAgEMHz4cn3zyCX+5IGOMMcYYY4wxxhj7
UVKSXQHG2hPDMHDNNddA0zScf/75+OSTT1BdXd2snshEBCJCdXU1JkyYgKOOOiqBNWaMMcYYY4wx
xhhjLHm4BzRjcdC5c2cMHjwYF110EU477TQcddRRyM7ORlpaGmpqalBaWort27fj008/xeLFi7Fh
wwZUVFRwz2fGGGOMMcYYY4wx9qPGCWjGGGOMMcYYY4wxxhhjCcGv4GCMMcYYY4wxxhhjjDGWEJyA
ZowxxhhjjDHGGGOMMZYQnIBmjDHGGGOMMcYYY4wxlhCcgGaMMcYYY4wxxhhjjDGWEJyAZowxxhhj
jDHGGGOMMZYQnIBmjDHGGGOMMcYYY4wxlhCcgGaMMcYYY4wxxhhjjDGWEJyAZowxxhhjjDHGGGOM
MZYQnIBmjDHGGGOMMcYYY4wxlhCcgGaMMcYYY4wxxhhjjDGWEJyAZowxxhhjjDHGGGOMMZYQnIBm
jDHGGGOMMcYYY4wxlhCcgGaMMcYYY4wxxhhjjDGWEJyAZowxxhhjjDHGGGOMMZYQGhEluw4Jc/MZ
PaGoClSPBz6/D/6MNISMEAKhAKpqq1EdqEZ1bTVqg0EYEtB8GrLz0pGZk4b0bB/yO3dAp66FECpB
woAUEroZwoGS/ThcUQZJEprXg4zMLPjS0uD1+eD1eeH1eaFqGlTNA6EoIAiEQib0kAkjJKEHTARr
dKhQ4fP4UJBbiE4FnSFMFaQrMEISNZW12PHddhzctx+h6iAUg+AXGjRSICRAApACMEwThpSQgmBI
A1XVlQiEAjCFREZWJjp27ozcgnzkdMjDcSedgJNP6Ye0jAz40zPgS8uA158OzeODonoARQMgrJkT
QCSs351hEBHtSyAQSRBMEJkgmJAk7WEEkiZIGpBkQEoTpmlAUghEAewv2YatO75CTc0hmGYtqitq
UF1ZCxUqNGjQSIUe0HGo5BBqq2ogTUKH3A7o3rU7MtIz4ff6kZ2dg+zsbJAQIACGKUEkIFQPhKIC
QoGqeeDx+O1hGjL8GUjzZUDTvPBoPni9aVAVLyQJkASkJEgJkAQgCEIAQhUQigA0CVIkTJiQMGBS
CJIkJAGK4oOmpUOBBoU0KEKBIgQEBBQIqIr1L4hARDDJBEFCCglBEgISUuogaUDAhBASmiJQW1WN
A3t/wA97D2D/vh+wadNW/PfrTSgrq0RVZS3S/enwe/3QFAGvqsDn0aApBGHqUGFCVQiCTBAZIFir
URGwlksABAkyTXtdWccCIQQUrwbV64HX54PP70duTg6yMjLh9Xjg0TzQVA3SMBEMBBEKBqEHQ6ip
rkFNTQ1CoRBCeghSSphSQhIBIAhFgZQE3TRhGCZM04RhGNANA7ppwiQJ1eOB5vPCn5GOnLwO6Ni5
C7r36IGje/dGzz590LNPHwiPF1AUmEQwiaCbBgzThGlKCAGoqgohhLXJ2oSiQBF1z9sE2Vu2EHYo
EEKBqqrWtg+ClBJSShjSgClN+3cT5CyPEBAAFEEAJCAkdD0Ew9AhYG07HlWBqggISAhBEMJpY7Lb
x2p3SRLStOdvkluWrusIBoMgAhRFQVpaBtLTMuH1pEPT/CCyji+SCM5/oVAANbXVMAwd0jSgG0GE
9CCqa6pQU12F6poaVJSXo7S0FNXVNTBNE4DVbpqmwePR7P3Di6ysLGRmZyIrOxvpmenwpnmheRUI
DxAyA6jVq0HQQcKEKQxIYcAUBkwYMMmEtLYwmKZEKGTAlARTAoACCAWKpkFRVSj2sccwre3B0E2Y
hhVCSiggkDSs7Vg6EQLIgBDWccYwQyAyAJJQFUBTFBiGAdM0ISXBNK192zQBktI6Png8EPZ2oRs6
gqGgW4dgSEdA1xEKGQjpBvSQCZ/Ph9zcHKSlZcDrSYOmeqEqPgjhgYDH3TY0TYGmCigKoKqARwNU
kQaVMnD6CaMw6JQr43mqa9Thykq89+kKfLl5E3QhIBUAQkBR7G0eAkSibn/UdYR0w9pGTQnDlICi
wOPRoKgahKpC1w0E9RBCUiJkmgiGDARDIdQGA9ANA1AEVFWFx2ufB4kgydoerO0V0Hw+aF4vVI8G
VdWgKKq1PUtp18OAJIAg7PVk7deSyKqjYa0bwzCtfYkACMXaf2H9DAiY9v4BwD0GQ0rrmGcd+Osa
i6Q1jrT+BeqOE4pQIITqHkudzxT7+AHA+sxZRne/lG7ZiqZB0TS4NbIPyFYZcI8rIux8q6kqNEWF
oij2sUrY51+CErYeFVV1fyenfLu9rH3AhGHoMAzD3TdMw4SiKFBUBV6vF16PFx6vB5pmrWerSWTk
thEKWed5e77ktlNYe5C1/lVVs+qmKPa+rrjH37r2E1BU1T4GqVA1FYpiDfd4PPB4vPB6vdA0FaYh
YRpm2L4tIRQFQtNgWFdqdhtb5wFJ0tp/DXs7cbdBCSkNkCSQaZ0HYRJURYUQqrU+nXaGsLcra72b
UsKUBI+qQdM0eDUfPJoGIaylkkTWOKYZsa3A3jYIsNqMCESmuy0SOecY61pKsc9bznGF7P1GOvMA
ALvNYdfR+Vko9jZrb0lCCOekZ30u6irljOsMc/511mv4fYIgggBBShOSrPO4s605u5gQ9jVT2LzC
y3PqJInqzsOwtwlJ1jnRvnZwz7d2uUdyyhXh9bSHufuANECmdT6HlBBEUIQCVSix28lpHwH3nO2U
RfaxoaF7p7BJ7GsE4a7L8PYQwhrX2Y/Cy2iIiPGxdYyR9nLYy6Qo1n5k70vCrrtpGjAMHabdJnXr
GdaxSLHaBcK6tjCkRF3TWttexHq1yxJH1s3e+D2Kdc2oKgo0VYWqKfAJIJ0IF558Mq6/4Hx0zMlu
cJnjrfRQOQ6VVbj3NuH7KICG168Q9X7WmCP3rcgPretGIutYXVVVifLywygtLUUgEIBHU+H1aPB4
PAgGg6iursHWrVuxbds2KBBI8/vRs1dPdO7cGRkZGfB6vVAVFUTWOldUxb0+FkLUbcv28UcozjD7
XC0lKisrUFFRjoMHD+DAgQPYv/8HlJSUoKamGoFAwD0GA0BmZiZyc3PRqVMndOrUCbk5ucjJyobX
54WmadY9JdUtn2EYbptY26u17YIAaeioqa3GwYM/oOTgQZSWHERNVRVCwSAUAKpadx5xlsGU0jq2
CwGTJHRdh1BUeDxepKenIyMzA36fHx6PB7W1taitrUF1dTUCgaB9HAOEUOzrftNqA3t/dI/pMmy9
hR3jnG1fKIp1PrbP15qiQFUVqIp1T2jt39IN6ba3DLsvsZbP5/XB5/HAo6nweTX4fF7owSACtTUw
DQMgQnp6OtLS0uDVPNDs83VWVha6deuG9PQ0qAIoKSnBvv37QGSdK3Pz8pCelYWgLmFKQNW8MCUQ
CIUQCuoIBk3U1gZQXVuL0kOHUHa4zL6Xk5BkQlEAv9eDnOwsFBbkIyszE2n+NKiKtZyGbkAP6aip
qUFtIABdWvcYmtcLAO71h2EYCISCCASDCASCCAWt9aVqGjIyMqBqGgxpIhAIoKqqyjpfKIrbSM6x
RlHsezgI+95bcetihYAmCB4BaIqApgKaokJVnP3YOrdoigqPpiHN70dGut/K6fh9dr4kHV5fGrxe
PzwePwzdRFV1Daoqq1BVUWHlN6QJv98Lf5oXfr8PiipQVVWJqqpKVFdXIhi0tjOPpiHN53ev2Zzt
x71OEgIkCbpuXQPrIQNQFAjNg7T0DKRnZCJkmAgaBmoDQRhSwpfmR2Z2FvILCtCla1ccdVQPGIaJ
qspK7Nq9C7t270YwFIIeCll5I8NAKBhEMBhEbSCAQCCIYDBknRNMgqHr0HXdSQeByLo28np9UFTN
yiXY150ZGRnIyMhEly6d0aVrF3Tp3AVdunRBx44dkZubC58vDV6vDx7N414Phl9vwN6fFWd9CAD2
ehbCuh8wDcO9FiQrlWLdl5smdNNEZVUl9u/fj23btuGbb75BSUkJKisr0evonjj2mGNw0kkn4Zhj
+iAtPQ2qqiIYDEFKgqZp7vWyc0yyzlGau41K+/gSiY440YdfsTd8/mhMl8IOLZ62PdGSXYFE8qd5
7IspQKgSBAOSdJgUAoQBoZgQKkFogArAm6bAl+GBN0OD4lcgvALkAUixT0IKrBOOR4HwqFaiSBEg
RUCoinWzpij2TYF1AW7tqApIJ0gyrRsETUDzCXiEB35vGtIzM5GVnQMZEjCDErowoAesncBKmtkX
44qESdbFu3VitK6dhCqsGxj7ZFZ3syntxJx1c26aYSFNEDmZVmdHcu4enB3Hvliwl8e92wFQd5tt
JVIhrJsmwJ4fJAATBAMEE4ABCAMgHSR0EOmQpm5fCBvuBYyb/IadFzAJhk4wQwZCAR160IDpMSEV
AkiBEFbiimAlAkkIKIoGoWiAUKEqHqh28hmKCkVR7YO8laAmgp00F9Y9C9kHESVsWe3PhJOEt2+I
4F6YAIozDAQIaSUgoVg3A0Kxxg1LQLu3oW6bKu4Nr3USrUu4IPzG0f3X+lkSwSQJIQVMAZimCSGt
5L+ElXiztkgBEnby256NoioAFOuGVxIgybpxUQCPqiEtLQ0+OwHt9/mtBICqWhepkmAYVoI0FAwh
FAy6iWfd0CO3M3v7UQD34tYaZN3oqKpqJauIoHo90JwkiEezExiqtS/Y+5YIu0Gz5+QmMRxWcsa5
sLUuTNwkiTuWiDhJCAH7JtBuJ+eGFfY+55ZltaeAkzuyb2DgJIcUANLeKoUzVdjNrZ0DgL2RO9sY
rO1P2reSRALSfihiLYtdE0UDQQORB0SqWxcI6yJKEQRVGCB72U2YEKRDgQoBFbDXNYis62fFuilW
FeuGXLEfcsFJzOgSRtBASLVO2EpIgVAJBkLQTROkkLW/qAKkKvYyWEWY0oRBJgzThK7biWA7Segm
8iTBICPi4YRhJ59N04TUdUhDt9qUJISwHtgIGFAUE1rYbmKtTnJvmqWbAnfWq9XcMnw7cNaJfRxX
hQYoCqxSFBApVpNJsi+QwsNZ5yoEFPfY4CQaFAVQFTsBIRQoQnMTM21KwHoY5/VZ27mwkwhhCWhr
W5PWDV34pM6ForWRWQ+U7AdGZB/pIBTAPheSIiDt0aVw2prcRBwRIi5qJREUSfYxneqOb7Aerjh1
sH8IOyw7D19gPYySdkLXvklRVMXOQ5GdnHKSOxIw7SSzkwhVhJvEcgsQYe1g7+wE63zhDKzb951y
6tpJuBskuRsnkbTKUpwkl71sSl3SyF46t3DnwphMCcVJQit1F7vSXj+SCEISpICVwLQTmoadyKvb
P2Bti4riJp8kSUDCegimmiCpgchK+jnrQ9jJrLrkhbCWJ4yz/5kkoZB1HASsBKWiKFDsZLFmly+c
dWpPLKWEYZB9k2vftCsKVNW+vpGKe5NQd2NAEAQoimlfA9nHbcOqNwHu+ciwH2gIRdQ9aLCT8DCt
xCQ568FOxphEgOKcXyL3XacjgAlpPSiz921pbyeSpL2dI3K6I84N1kVqWJLPXu8C9sMEOAleKwQi
ZyrCznXufmIX7CbWhHMNE7Eb1U3vlgw3wersP+EHBLtp6pKx9nojWfd73QObsO3FSbi6R4Owq8mI
pCW5A5zkrHWejkz6kjsuIo5Zde1kt3TY/NyTtpt0DN/vwhoqQvg1b10jHDlWZN3CryuEeyypWxdO
gl7Yx0TprnMIUdceMe9hI+Ye9pPzAMw5Xjvbv+I2h9OpxDlmu+vSno20y3eSz3XHMsW9v4hoAzvx
YyW57RR+WPLfuSQmYZ2Fw5re3UZj7FY/ec7DCbKPZdK+vwMp7sOKyspK7Nu3301Od8jLQ36HfGRm
ZMDr8dYls9x70sikj3tecR5AECCc6/pQyE7Q1uLAwQP44Yd9KC8vR3l5OQ4fLkdVVRV0PQQA8Pv9
SE9PR05ODjp06ID8/AJkZ2chKysLPo8PXo8HimJtm4qoe4SkKAo0TQtbZsC5liX7HOJ0LLEeBsO9
3pAgu+NOXRLSuQNzH/za5yZnOUOhEESNQCgYgqqqCAQCCAaD0HXdugZRVet+0E5iO5zjm9OZxjod
WOdDJwEd/gDOuT9xrjsQcYwJq2tYctvdo51ToXPcgn3u0axEJWA9fDRJ2te8dQ91rfONAr+/LsGu
aSoyMzKQk5cHVdNQdvgwKirKUVMbAAkVXn8GNJ8HumFdL6iqBk0DDNM+R9qdZoR9DQtSrHsMRUDV
rCSdx+Nxk3jWPVTd9uQcAqxrFuvhkxn2wMt5KKfYx9OIY7W9HyjCOa5Efu5cbwn7mlTA6pkn7Xsg
SRKmtJLPqhAwQTAFwaMImKoCU5PQ7GSv84BOwurUF9RDQADQJUEngkkCphQAVKiqB5pmbS9erxce
zepwZrqVtv6x9ltC0E7yGnZHH0VR7A6Kkfe3zs9C1N1fky6te2dNhVBUKB4NEAK6aSBvFjCuAAAg
AElEQVRkWB2vNI8Gv9eL3A55yC8sROfOnVFQUIi83DzU1NQgGAggIyMT+fn57rWWc0yR0ur4ZJqm
1bkg5HQwMFBTXY3qmhoEQyGE7E4HoZD1r27o1r6qWJ1WiAghPQTD1FFeXo79+/fj+++/R0FBAQoL
O6JTp07o0KEAOTm5SEtLh8/ns5Pv9kNL+17cPf9YO1XktYJ9b+0+JIO0tg9VhUcRSE9LR0F+PgzD
etC2a9cu7Nq5C4FgAN9t/w7Z2dnIys5Gx46FyMrKhNXhzOosBACmSe6DH6eMek7ATeI84GP1+1En
oDMyfFbiABJCBQgGJHRI0kGKAagSigZoJECqk4DW4EnXoPhVwCsgNesizCTrIExCQHhUKxSC0FSr
i5uqQqiKnYAWVlJHtXr4QagQimHdZKgKVAIU4YFX9SLNl4GMzCxkZefAqDUREgZgBqGqAeukbd9Y
kn0ytpIr9o0wAFg5b+tn0zooOzdgpmk9AdbtpGB4rydpSpA0AZIgMu1ElomwM2DUTZNzMepe2MPu
/WzfZNq3XYCwb+SECSvpbCA8+S8pANMMwTR1mIYOMyIBbd8XwuqUZhoEXTehB3SEAjpCQR26x4BX
kZAmYD0VqHt6DqFYPfSECiE0qKoHquq1n5ranykaInuRSftetO7mre7GKPKiwb3KcW7K3LvLukuj
uuQUAVAh3AshZ551vVUJVJeEgNMTt+7CBREXLXW9nuoutqyThxACBgiqgLVepGkl3xTrZCxgXfiT
gHWjKAQ0BXbiwlpOQWTfSKjweH1IT0+H3+93w+P1Wrc4BKuXqB5CMGg9vQ7WBhAMWRdzEduZtC7l
hHuhBrdnoUDdwV61Ny3N64PH74PPnwafz2/1xrXDuYh1lp7Cfraaq27bdX53b+CjblzDRoRzse/0
THB6okm7V7Wzfp21KuxEr3NzTbBS1GTfjCn2TbF0L/gFrONH3Sqtm47sByDWg466cNaLdB6KQFjb
taIBwgMiL6xHZ4p9r2jVUxEERTGtp/tSQECHIKtHooCwe5iFrQNFQFVUK1QNqqJBEar1+EQKSINg
BHUESYEeMu1EM1m9naEDGkFoBMUDCFIg7bqbdi+SkGklqk3DhCntnl6KCigqVNNKSBmGtBLPph12
AtowTRjBIEKBWrvNAeuQS1AVgqYBwqtCVZyVTvYxTcJwHnaQrEukRGwxdduJtc+rUEmFAhUqARAq
AN1dF9LuHakoqn3RbD/QUqzjDaBBkhmxHaiKtU9a24GdpE7C3bb1gEGFpnkghPUQytkvFbvXvxBW
zxQC3B6IzgV/XQqGAGk9CDWltHsWhyVXFCup4yRr7bRRXSLJHo8IbnLQSRrCvsG2Mxb28c0p2MlU
EAhh8ya4D11NIus4JlD34E+EHaedI65zzHb+tZMhwrrfApyL3vCMrZvMqeu1ad/V25+j7l93e3Lm
b293JK0K2wlo5wwhFLvHoZO8Dq+vXb5pmtbDZ0Xa22BYb1XF6anrnJstznWAYRqQ5PTstesm7ISR
06bSepBqqiYMU4UqTahStR4uOcvhJvXgJtfdh4lula35CLIS4ZCoSz6rChRplSlU69LTOlZa5yNJ
EsIkSJMAg6CqKqR9U+bczAnh/KVIWGJG2luEAZhkwrAfekpnHdrNYpoShm5t36rqbGdkzc8wrfM0
waq0/RCRhJ1kl3avK8XZl+1zhoC7TZgkIZ0nL3b5MmwdRu2TYf+ru8lytsO6xK1wH44ISOcxKDmN
Tu7PTs9X9xKO6h7IuJUVdVcnEUchZ93a8zTdBDS583Io9vZrXTfV9VZ2evGR/SBbCU8629uaGxS2
ywh364m8pgoPNylUtz06y+bs4u70YRev4cloJ+kv6gqGncVx/3Umd/dNcsaLvFaom1/Y+gy74Qz/
xK21qDtOKmHHCWsk+2ENhS2CU374OrLrQCJspuF1IOs6100eO8ct99Bgr2T7oakiBGTYwyx3S1Tq
phOS7HUJEJnuOlRUxV2vTk84JwFd10sc9hPIyA2P7G2jbkP+aQnftxrqTS2dvwQIeyDkDKusrMK+
fftw+PBh6LqONL8feR3ykJ6eAY/HA0VR3YSNIAVQ6soLf3AkpXS3MykJoVAI1VVVdrL5MHbv2Y3d
u3davVlra60ElK4DALxeLzIzs1BYWICuXbqisGNHFBQUwOf0eDbtHvf2Xw462451z6JAVZ37Hhxx
vJFuL826ZRfufmf9BZN9KoWTkKK6NoLzsMTaok1pJaClnbQGgFAoVNcD2/7rHMB+COsmscluFwlp
mpDO8cI9ltkPB2Vd54aYW3T49YF9fKMjyrBXjntcIyL7HAarbopin0+s6yU3OatYeQdTSihk9egU
QqA2EIDX60VWVjYyM7ORnp6JoG7gcHkFamv/P3tvuizJkWMHH/gSEbncpVYWqbFpSd/3/m80Niax
2Vyq6m65xeLu0A8A7pGXZEsaabplnE5a8lbdyiXCFzhwcHAwIxeHt8MeIURMsxBAnA/wnuBdkf1N
5p+ozWaAIPNWKyY7mWvvXa3iaeZc/uBXAOvVutO4/aoqYL03sD5vLdnA1Uauz3cx+3qmE4OY4Kgg
F6lA9lzkjPYOpXgUdsheGOoBDuR8xVqwKIGGjdwAFCb40CF2A7pOfBph5MbqS9XrAjT+zVIhPM8o
OUuMq1VTPgYBnp0B2bEmsCUWqgiBrE8F/Bks1VxZGPr9ZsDN7S3ef/iIb7/7Ft/9p/+Eu9s7DMOA
nDO899huNri/v0fX9Qgx1Gt03q3ICAJ6z/OMaZzx/PKCl5cXnM5neZ4uOB6PeHp+wjhNde3mXJDL
RSoyjid8/vwFm80G+90O92/e4NOnb/Ff/8t/wT/904iUM27vMnZchF1OEQ5k/A+ZcT3b3epskDje
YmldA9zWhoPDZpAzydjzIQSMlxEPX7/ihx9+EFD+7Vtla+/q573GB9paLBoXNV/9f/fxDxD6rz/+
0AD0x08fkLSMfVxGjPOIggVwCfAZFAu64BGIQIEQNx26nYcf5EnRoSjzJiljOHOGjx6b3RYFYlil
JMGrP0hwMcLHDr7rRNqCPGLPYARwJjgEdL7HEAdsuy3u37zBze0tzrhgGU9Y0ozLeMY0j1jyDGaR
rxjTDMdqLJVx7STqF6PiCX7ywETIpeAyjnh8ekJxDuw9TsczpmlG1yewHqg5LeIfpoSihs47Lbtl
yfL54FsgoI6CgMbKeqbGohY2tPrAeQEp2zmlGeN4wbycsaQzTqcnLPOIpOA45yLsHIk1wLlgmRLm
0ZjPCy6XCYfDGcQBJQOb7R7zvMCFCB8C+k6kRBgEJicHpZZskJZ3Bx/E2YGUkAIAUwFrZtdKtu1U
M7AQDAXtTEqBFBA1iQ0Pr4aKoGyyQmBJfyj4J48GJHMFhUEq0eF9BaQJUCBH5FXmZaoMY8lSLvLt
TChEKJlQEiEQ4FCUUSgsTLdybDIDYMmsekeAC3Ioeo8YpATp7u4W92/vlQU9IHg5YHNKmOYJ58MZ
l/MF4/mC8XLBeBmrPEVZBa/VibKkwiq4BYC+79ENgzBPvUe/3aLbbNENPTa7Hfa3t9hutui6XuQS
LNlDApjDHPKsgbk6JLUMTp0eqwT4rYcxJHR4VgC0BlFQ9okFUVAGgNcycZ1V2QdR2WECRMbQyrxI
nUmq6BUB8EhLQuYEcaVVtiYzSnEABYQwCFvEe4S4gfMDvJMnOADsUTMDYITiEJ1F+KWCyHnJSMuM
tEjlgbGluQDRe+y2O8TYSYbfi4SQdx7EhMt5wvk0SoqJRIaGXQF8AUWAImPY9eg3AUtJSLxgKTPm
PGFcRqQsWXKTtjBZBR8CyAekRUDnZSXBYXM2XS4YzydwSQBEXiMGwmYTsdv2uL0Z0HUeoAywMHpM
9keG2rwbCxxQHWuo8+VCQKCAHr35QJimBTEu8H6CcwEODsEHDN2APg4qC7BB320AjuDixdEsGcEF
dN4hRgdHUrZYckHJS12rf8vHuryMo7IpDNyqTpK8ZpmlFG+a54rlMKkTDHHMUy5YirJriZCJKqgc
gofkOcTSWYl+QQtASRO2zmuSFcpELQyrRjEmfOMHCcjKdg3FWNjQefWwBCwXAidBeirYCgfHRew9
OYDXAHtDfmpS0g6ANVCkAZP+BZbIxG8+UdddxbAMnMxZrtk5AWL0mxvgpCeE2lNUeQaHTA0EkiXt
rpmmaDasAnVEKJ616kUuxmRQJIMtScuUtG7DKdC+6LUVOS+TBlWylqX88dVC07VEYCdbT9gkAGfB
2RwREhQUN/ZWKXomsyRPOaPrOvR9j6iJzLX99s7DRafMnUXWyjQJM6jkFeCmw+4kNZwzqyyaARlZ
JaiUTUdtfGy6nPM1aWBMLnIeToFzhkhqlZxhTDdSRrv3jbHIa2TR1lmxQKcovk3iM/o2/6zVKpL8
0Q2JWhugPof+1O8q9Xt0DkjPKU1wW9XLGtAxdp+U61v1z+oadDSljN+hnZOlsu2v7o8bAEFkiXlD
upo/aWB1lagwgEaNTwUFdNbWO6SCDnrvawCgrkcok1+TUwRlvdGKob16XwV39VZcsbPUgmMd+Srp
xavrsfu9hqDskgqkrqNWjtiTBAyo4JO+Sf61AWs2rnJxVK/R9hwcq11oEhr2Le1KtJICDsUVuFUV
g9kKG4dascIyDr6UdoauAGhhYkrF33oN6NfJHMPADmWPrvzgv8eD9R5/7/F/Q2bjr7wAzAWOhAVs
gJztR9Lz1OxereQj+d08zzifT3h5eUYpBdvtFtvdDtvtFrFrgBiACgrmkisg8vr6pKqxYJomPD8/
4/Mvv+Dz58/4/PkzHh6/VpA7pQTnHHa7PTabDW5vb/H+/Xu8f/ce796/x+3tLfa7vUooOZSURSoC
EpPaTvFV2okrmGtnXUoLlkVJLMquhDJ9TcpLJNQk0c8mjQRUgo0Bh+tlmEpGntUOsTGdLSElMl0i
EdYA6GyJTi61js4qYgtDqk31fWTzCjk73W8t65WBIrV9tnfJtQo6iaSVjZ4WdDkIqzczUmHAiAy2
TrLY6IUTTucLlpQRNObtB2GcCoknwodefOzzBeHliGExIoETO6nrz9amMHSdSrIlEAGORKqv6yO6
LiLEKIlilDpmyaqbuWDXbxG7Tue3VS8Z8Glnj+2LnDPmZRF/y3uEGNAPvRDqUqoM9DU43dZ6Ox/l
bJPqvnqmZJG3yuwRihNAmj2KBzyrZCIDVER6jlIGYxacROU9vY/oYg8w4H3AsBmQS8Y0jViSg5sI
5BhZ4xkGELxI0YXgFbQXOcsYQmVSpyVhnmchdU0T5nkRwg4RSspIPANOCI0+dthutnj77j3evH2H
N+/e4vbuDl3foTDjfBlxvowYxxkpZTn/QPAk/rkjJyx2v2LXF8Zms0W5Kbi5vcU0zSqPMooky/mM
p+cXHE9HXC4XnM8XnM/nSnAspWBZEoBRql0LY0kZ4zjhy8Mjvv3lM95//IB379/j/v4ed3d36GOH
QeP7ELyMV1HWvcbZzIySZY6zkhW92kOLX9g5ROexGQbw7R2++/QtlmnGf/Me8zTh4eEB//Iv/4Lb
21vc3t6g60QOBNzWzToxYmvKsJOK35iPW+U0/7qt/z85R/7ojz80AH3/9h5LXjBOI8oh4TguyGVG
oQR2GS4CfRfgoshixEHkN8LGww8B1DkUr4eiBl6ZE1wM6N1GQS5hwFmGkrwHqcajDx2cD4AL6NjD
+4KSHaLvRIs4btDHAbvbWwzbDZYpw4ULCsR4m06wAUlLTvCFhDnoArxJNmiJDrNmc0jLdJYZ+XAE
vEfoOxyPR1zOF3Rdj36YpWzGO6AkDaSE/dppmYec+8Ikrh65gsyFF+S8gI35TIBp0EEJGLksKGlW
puyI0/mI8XLEtJxxPD5jnkcxXEtCUSeVC1BSAS+sWlSiSbXMCdO04HKZEd0IBycaPrnAecC7gC4O
CLFDsgQsOTXynWrNCrsTgIAPULCbGICXkIBaSCeUd2AdNLFTSQZBhxWvJi2NXrHe9KeBKesgoDpK
qC+DsZOcBQ/1tS2Dv6TlismeUpJAHAJiSMDvUAgiS8DWZdQBwe6JKrhCRYysdwE+eHQxou8iui4I
K39/i2EzoO97pGWRZMGyYDyPeHk54Hw8YRrH+rSSul9n/FpgC8N01HnYbLe4ub2FDx4hRnSbLeIw
wMeAbhgE/Fbnxmmm3wIsk4+xA6GWplNj5FiWvqxA5tePxnJQ4GkNnhdGKUmCBd/mmEgBaCJUOIMI
wevBVCSh4b0B0KsxUUa1A4PYqyRKO8zsGgC5jy6KfRF95gFeAWhHPUQjyOtBLHaiEOAowWnFB1iY
CSVnlEWd+pyFTaz2ou867Hd79F2PEMQ58j4gp4K0ZFxmASSXZRGQmBMKMthlBaAJ+9stNvseCTMy
Ziw8Y8kTpuWCVBKYpBztfBkFuCxA6CJciK8AaCmVFwmXgvFyxvl4BJcFzEkBaIebmy0IW3QdwbkI
59X+wMr1cw18WRm1OnktyWOyG8GLBplv4JSwmr2AmUWcFO8l0dXFDiGIVIwA0AFcZJxzIgQXEH1A
FxyIClKakZmUEfR3CLhZqxbSAucFAHamqYwGAjRAqek6Egw0UEmClDHPiwDQ6vgVcgIGc2kaxApM
ZWXgFr5O3BCkbJSK2SSFW1jYJkUDAGZls5pMEoxdqsG0E3EZItVoZAkyi/mIZBrNcjdMhEJFzQe3
oIvtO1jOBH3vujxf/rzu3azXrOvKNqIBG1cAB1ENOO267RPWSQBTw2JzjE3eAAxwvvruxghZT7U6
yHp2SeAuCXIHX4P9ypC15KSCHQUCSGRlxhkAaYH4mhV2pYu3PvdsXByEfcdSymuwbpGbk0TtyuYK
0ywhZ9G39F4CkqBMteCDApYt+ASAlBZcxhFzTlhy0nFv7BMDy0AePqwYuGy1KwI0e6oQWgMT3fX8
e+/hWESWTGYjl6xrSeVNvPqG3qlvozOjY9l+Fq2aQNWtdPVJqte91DnlUmGQtnagZ5j6FMWkEiqK
qePkhEEuMmUMeAumVslWA2GyVSXg6kwEM3yQoB22Nupa4tU1Ubvfq8Wp2qcVKFDQ3apwvJeVs5LT
sf9w/UlttbdYsK6/CkiQseaonpFyZjeZsytwluunyh7Vb628q/o9dD0B9o9E6xfpNby6XgWcbbTW
iSQzcPaW+latWLq6CK54Fcw3NxtEpL7S2ic1wJ+17NkJGL6W1WjYe1Wth8E5BrbZ/Zi/ZYk0Az3r
tbOeKww4JmUk2jyswHP8x3o0+wtZj85KwHPNc1Ym55VcQWMPiybuCafTCTF22O/32O/3AkAbI1M+
qAKia8b1VUWgAq3zNOHl5QVfPn/GX/7yF/z088/45ZdfcLmcMI6Xapd2ux32+5squfHNx0948+YN
bm5u0PV9ZeACqKQirk+7F7lnOfVl/VivjmVJGMcR4+WCi+oCp5QrCFzvhRmkFZ7GpLf1tJao1LuU
ql/5I0xqsSaPASUuXGs+F2PN8sq6keyHav8giUSLe69M0foPbD5WXQntFWRs6lIrB4rGfSYfJder
CWnzM0Cw3g5yfgIjTwpAy7kfYofdbofNZoPChBD72q+DjicsuSDGHi5EgMoKhDPmslZ1QvxCr75g
jAF912nfiCjaz2VBqud4q4bp+x5d32MaR4Db9V7JS8nQqtxdqVIKUfWzu64DMyOlBAKE8GVJSwP+
kVfrjOsaq34dbF+Zn8l1rRSW6kpWO0yFQcrUt35Dzp0FfO4GCLkr1N4Z0zg2/1h2NHJJOnfUYjjt
rxG1n5JpdxM5pJRFk/l8wTSL5CGjxcsohjU4bHc73Nzf48PHj3j77j22uy26vpOYaRqRU8HlcpE+
KkWT9qaTbfrk1p9DE0a2N4l8Xd+L9lmZ5xmXy4jD6YTD8YiXlwNeXqRK4nw+C0g9SiV0YWCcZqRc
cBknHA5HPD494eHxCd88fMI3n57w8eNHfPjwAXe3t7i5uQH5ncrmtb1miRDxx/Vk0sTFmoTBkLPe
ey9gtvNI7z8AAKZxxPPzM87nE77//nt89913ePfuLd6+vRe8Aq/2rFZi0irWL68TymZ/fPv9P2Dm
//3HHxqADtGDqSAUL+DHMmHOMxIWsCsg79DvenSbCAoOvveImw5+iHB9B9c7wGsu0kkTh1wyKDhh
1ZJTVq2WO6l4PjkSVpGTJng+dug60RJFdoiuw9Bv0YUO0UkDpgJZzLEP2Gx7bHcDNttBhOwzIzGQ
4eAYCNQ0hJwyoQsxypJr2alIK0g2eZomnE8nvLy84OnhsTqsuWRkziId4sWYh6jAOXl1LhOYl+YA
k4IUPIuUCYStJJqT8mf5WZDzjJQEfB7HC06nAy7jGUsacTw+YZouWGbRC0ZxADsp51gKlkvC+XTB
NM6Yl6R6sOKxFoZKI5Aa8g4xdirm7yGxkWpORc3OKgDdnAZAFF5lLMSB9+rHiDZyY0SrC04WsAPi
baAG1I6UTaxAcrVoGlDUcsT2adXRJxbAhdiy+uJQCSvPGj+0zLKBLNJMCY1FbYCEXH4tgwcZa8vK
8YzRq2vFi1a5DzJWsdPECYCcE6aJMV4uwkQdR1y08cJ41nI8BSZjjPVQWAemTj0LC8pJG1OFEHB7
d4eb2zuEGEHBa5O6grIksJtBYcQ8T9c64TauOhWOCKyAswVF1gSErIHTq6Bw/bCYcQ002VdUORQW
h8d0ztoBKFexdqJM01q00lqZ+/WX6nryItNQtKRZytsYUN1GO4B9kBKs2A2IoQOxNL0TE+71bFYn
nGUviV6gq85/dYJLhuOCPnhE14MgQcXtfo9eP9+7AOcCliVhdqL3hQLkpE0Tl4zzfMZpPEmZvgde
nnv02wiKBQgF5AuKy8hYxBErAhIdzyckLfnv+wGxy1LipsAnl9aMxZE0chyGqIChgyNG8A4xCpDJ
xo4kKdtq1QlSEkwqYyJswxak1Mm3AMT2Eou5K8XAYoJpxxsjRBppqFyJcyD2YAqIocDDaSWBNFQj
kr3mKICpq+yfv+WDwZVd4RR4yD6sHFt1qJT1MmwcYtfX8jwXAnIxnTdJHC5ZAOgMQoYo/meojWJr
2mNltOL8Oy9sV8dFWLcWRMlkKMtUmlJK0sjkU5rdtLmC7vmAxiZMBqIy6ndWOwvd48pwqRiSAsP2
787FVXOalTmvZqTZbrZA167RAlJzoq833wp4Qr2yBnLrZxNkbDQIbcGZqwGUPRmwxVrXsp0FWDvn
YB1vVHvEjCuAA3a9GvyV3Bji1+XR3F77mt2x/t3K7r5OCtp4r8vL1x9h53TOUsIqyR/dgy7UhELO
0qxS9AlnzGmpzCnxVbgmB0KMGIatNA70Qc5JSJOjHATYroFqYV3DCrI7kmCeRC7KOWF7ZpNOSlK1
csWMYdR17YhEfigXlRdKlUEuzQbRglIX4cghuoAiumq6zlbJUUPvdG4FcDZQQgaxVNBxlXCzte5+
fU6vWbbrOaxguX5nXuS67bXr90tC263WxSpBsgKOYLIpegfSFbWNXV136wXx+gzV98r0Nk3xCoLq
wS57ZAXAwfb0K7D4ymerKbk2Jrh+OWy0aRWQ/t5VrhDlUmep9eeo44Nmq3Sz6vtW9qjOjf6dGay0
bVJWaPX3iGDVHVxQ/VRXDdEa6EdNQmQd88aKV7u22u6sV2pAZ2WOQWZ9/bk6TABMKuYfD2B1ZqwW
FhFpwm+VpLGklHc4nU74/PkzXl5ewMzYbjd4+/Ytbm72wnS1GPTVmlk3/lpXlDAzjocDnh4e8dPP
P+Pnn3/Gzz/9hKenJ7wcDshavbbf73B3d4t3797hzZu3uLm5we3tLe7vRfaj7zo5f8oKsC3NH1sn
Ro3hbfYDReQirdnc6XTE5XzG+XTA4eVFYkdtcJ5V859V7kuWvq04asx94Cq5gpXdNKku8Q/XOrRt
rTdw0myBVcdcJz/lI3/bNv22NWgPs1frdVCqqyCfb1WjpNWW4oIY4CrMblJNNRkFkWbIKYP5iJQS
drsL9vsbzPMi2IUbUQpwPl+QUsF2R4hMoEzar2VBKdJssCbzsPIRnUMfIzb9gO2wkblnIC3XPZ1C
CAgI6GJEcA6j3st6WGoFjNpw852sQbL3Ui0mZB7tq8TiwzlW/Wa1dVl9gqw9MHSohJSDNVNdGPIo
DIY10W0m16QwkQtAWWK/Io2vL5czvA9IqWDoNwqIeo1vpafSvAgxT+IZSW6HKPGDPZv2sxNizzxj
vIzKNr4g5aySoXJKONJkws0tbu7u8ObdO9y/eYebu1v0mw1SyTgejzgeT7C+NMu8gADEGKoPII33
qMYh0v9D5tj6Y0lDcNFc7hmVwJVywTvVU79cZK++vDzjcDjgcDjg8ekJT89PuEyqrz7NOJ9FBnZe
FpwuI56en/Hz519EH/r9e3z33Xf49OkT7u/vcHt7I1VvMVbCy6IJh9eu5tVfzbdxpFiPx+3tDQDg
dDhiGif8+NOPOB6P+P77/45h6EH0X/H+fagJu3qeru0m48o2X39lwwv+wXL+tz3+0AC0jwLMuiI/
5zRjLos02fEE3zv02x7DfoCLAkD7PsD1ERQDQqel7QxhixQGE1fjIU5v0M2qje1cc/6cD9JQrd/A
+04aULGHp4gu9AgU4KEl6MwgRwhdwLDpsdsP2Gx7DJtemuMURgDBFQGgXfBwIdTvWkqWJnPUAuOs
mVE/zjifL3h5fsGXz1+0FEoadGUkKZeKwgJkRISQAQgATUWkHWqZKCnDJk/InMAoouWcF6TaVFAk
N5Y0Y1kmjKN0Gz6fj5imESnPOJ0OWOZJD0nTa/JY8ox5mnE5jTidzhjHCcssEh1SiooaXNSMYtAm
CNq5ntBKAg3odAoKWid0QtOgk/JQB+dY2dDBzEoNMKq1M0tIClHXP9d+FKvX1RAGrRGaOZ0KWsJK
uQTsBDOcM1YeandnK3PN3DLUpvEpzABC0Uwhv9YAtJJhLWEz/qDNp8i5CEBPPkOMZoYAACAASURB
VEoJMMQB4CkDxDgdTzifThjPI8bzBafjCdM4CVM/SUAqzIe1YWZlBLiqNSsAdy9Z867Hze0tbm7v
4JV1fzidMU+TgFlycksDh9cAdJ0KqmX8temKf5UVr6V/11PYfkn17zXWZIOVUQN2b/I0FuTVT+Sq
c0dVI7Q5tb/5YNJgEXCe4ZSNCcpwWSRhAFyBnuQdQujhXAQ4AqUB0OJcq9Z40UaAbGwCc24lieQg
zGeKEZYNv9lucbNTANpHOBdB5DG5GQ4eXICcCkZMKJmxzAtOL2d8fXpAYmlEGAePMHh0G3mGwcFF
BmsD2FQWnEfpOp5zqQzWuh8YIoujwa/TJYzo4agDswOptIn3QBeFuV+BJsVgJOHhIFW+VAFW+VRj
0XKbJ1LdTKxYEUXYJIUNPPMqUxMq+Bx8UFaBVIkQB3AoKOQQg6uli1AAmhHAkGTl3+Oxvt+ajFqz
CJjhVdfOBZmG2s09BCxZEpxumiooBihbRdlJuYIWFR2DAPgC/HqV2hEpHYfMAhQ7A0yNOeq82kCq
n5c1IdBAXjGxpE1gAAEHGRBJJzLwxMr/LbBQ8O1q06NWV7jQunE3Fp+wnK4BJmr/pliWAUhroGYN
Lq/QOD07VsGdZcLqd7T/k763Ajv1jtgiJvmoGoxpgyQDA1fz3K5FwYFVQsQahHFhZCoVkGrft7ov
57Bu/CofYECdjBcUkHLWLMmeMDa9VGSYNqc0M7KqnACvwVfOqQEYbsWgUykQqyowprYFmViBrZ4k
aI4xCtOmonz60mqDGEylTSi4SmWI/MmiiScvAKLaWaogJFV5KFvD4PY7lNb4p2TtwwG38m8soa2S
BXpdsgZLtZk21lmT0jaBxuqrYC9dl5Cux4Rf7dWaqHEreYmCq3kFcx3vCr6sPoc96jXYml19MwBC
WQk3Sy3EK6ZuPRfse7j6U7/1MBBCCtLsG8Uxq+xw5hWre7WX63XYfV4D301v+dePmgh4BSA2ALt+
8us3iq9WT6X2MdW21fte+XLrT7QvUONjyXDb/00zk1DlhvRzuH6cADlyjzZO7RoMDFszn9dfLd+7
BqjMXuk96U0VlT1hu8+r//7Oj78yv/+eX1m95NfOKdpaXbOWne7Xcbzg69evuFzOCCFgt9vjzZum
/WxAM2Dr2xZTA0uMYTrPMy7nC75++YJffv4ZP/zlL/jy5QueHh8xjiPSsiB2EcPQ4f37d/jw4QM+
fvyIt2/fYrPZYrvdYrPZIobYPpebDyC9GFQvnKy6T+7R7LSBW/M8YVTgahqnWuJ/Op9xvlwwL/NK
jmRN/mhrWU1tXWc2BrVyhCVZY1Ou1ghSJ9f8yMaENhtkZzVd2bY6ab8BQPH1/17Z4NVr7M+rcROz
2wDwVLK4kWaXq+vCSMYmJiXhELSiGarXnTDPGdOUVIILMILKMi3ImeF8lDPMuRVpwBJKq11KYmtD
CBiGDbabjfQH8gFZgUJLKBMRorLhg/q8Saub7PPqXGrFj/NOekDoeGRtQumVBS29alwNr+3pzd6B
QGzVe1znjqhNRdGxq1JPBbB+VrD4VQZbfpYMKqIPLQzlGY7OSoiRs6vkpnEuMbkA0MzWDwYVi1jr
Yds+HZUkOE8T5kmS6QAqtkTeI/Ydhs0Ob96+wbsPwnq+e/MWoetQiHE5HHA+n0WWlDy6bqhxsDWK
NFBeYhhX1xqXUqXgbF6c7VslcmE1V6UAS0oYLxecTiecTkccTyd8efiKrw8PeDkKIH14fsHlckbO
RRoizjNOpxOenp/x9PiIL18+4+VwwMvhgA8f3uH9h3d4+/Ydbm9uRSLDCRPbOarVabC5N1tp+5jM
1sjPYbMBEeGbb74RKcdJbMrXr1/Rd700Se0H3N3d1iaaNv9WbfZ7j3odFe/4x+Pf8vhDA9AUghwu
i4j3T3lBIjEyPjqEPiJuO/S7AaEP8H0AdR4uemFEx1C1/Bw7ePagItmkGILqaBoALX9nknZ8PkaE
vkO32WCz3SKEHsF1IA6oza5YmHNwTkqNiaSj6abHdr/FZjug33TIywJS/S7HpKUnYpSsAVFORRO0
clhkZixLwZwYoAWxG/H4+IQff/pRyuGRUZCReUG3iYh9QIgeoIgQEkoRduEqIlWWlRjXlGck1WRN
acE8XwRwzgnzLKzVabpgGkeM4xnjdBYN6HlSVu1cdWGJHTwJm/CcxppZOx5OGMdRsniqDUnEegA6
RGU/hxCU7WoN2ajpNOrBJo61ZCSzluYTHHjtpCNcOTLmbNTAvWoOFR2Wptklo2Teuqy/6rBzgXSI
bG10zEGojj70QKQazQo7W0vh5VDPtazddI+zNmyzplalsp4VdKhMGGHkw/vWjI684tMkTaGcB0ia
aCYt82MU5JJwOhxwOhwxXiZMlwsul1EaOrGidAw0bWyqP2HDqdfR9T22uz2GYUDf9dju99jt93Be
DvjD6SSAMxe4nMHOadfdJBlrZ2ChBeqiLsKspbUKtJtnX4p20WauoAXMH68T1QIlozNWGQxr9uEa
ECySMxbYcWVq5pLgII7SGqD+vQyqrTNLVgmQRXBenCFj+PeqMS8geIQ1vIMLQAko7GVti6ddCZGS
MzI5CiuJK1LOFgS8FlZiwH67w81uhy728D6KPYOCqxCdNnFsHDhnTOOM4+GIh68PmJYZiZM0RI2E
/f0W29sB/TYi9AQXGOQL2GcpqzydBEyEU0coyu7hViraDniCix5d7GR/6j5yxOj6qAxjm0sL6XTz
sUlMNHkD260MKcen2kBQm8cyNNEDZSwyAFcb+AVNdgXvERQodaRNCeFB6FA8I3iG96YZKw4tIwB/
JwCaSMogd9staOhA1qRI92hOCWlepKs5AM/CxDFWCnmPwpoQ8dIUtJCAahmSIFWLCtRWaUAIot9X
EykxIIQIF8QepVK0uZ40pWRLXrEBa1JyuaQEzKnKM6QiVTggj9Bpk1loAKwgZNOcVCdRMhJoDHkt
xYQAao6lcV5JCQuMhdgaq1VnXT7RLhNosF1z1LVM1QIAAV/k1Ws9SZNYehWJ2kXXZ32N3od1ja+l
ztBAx5JwzlXZiRrYrlisK+Mkv9dGf2smKwgoVReyDmTFwrz2DWiXzfUzc5FKJrFvfhU8agBJVLUf
LYD2ap9D16GLUqoq+14u1zu5P9EwFJYgnEAHMYZ6T6Xkep3Ogr0Y5ezZ7uC816aO0rCwqASFDT2r
Jq50aCddJ2IP8rIgL0tNQFW7XFgbB5q+sIDHnqQCJSsw7UmqdRC8/llSJk6ZOzEEsStWKgsDnlCf
FklXZnJRRrJctUpZ2HqX19Ylpv8jFoC7Ao82yA1Z1LVCApTWhDnVl9JqPzBLrK4zoM0H9RqoBbSW
nC7cGv8QcAVAt722Bie5rjub2/WjAhJ2XavgtL4AANX7WPlq1ea039V/18/7vRO8Ab9XX1OvcTWc
spVXe0/2VdG8k3okWu5f30sCEFsccn3TwgQUU0TyWagmoo65fLB8ucmrEPOVkFBl1xc9g204QFdy
cTamLTWP+jeoLbM8ga03ASJb0pBJKr6qtAG/sn9/o0cFD/i3AES+Bob/Xb6/2XazuW08r3upOOeQ
QViWhPP5gudn0WTebre4vRU5jKEfmo97fSdY34xJOszzjC9fvuDzL5/xi8ptfP78GcejsGYNxHlz
f4e3797UknlhW99UQC0EITK0M5fbfgeqHWMlcRX1SVljy5RaQ/NpnsHgymK0HjjWT4K8EzBTCVFX
DezQkrqkvonYJobJDAmoqjGi7h12AJEmAdHkGOzJbGe5WCqLCyvjiFebWmYWVzJdv7W8V3uqXaOO
DzNa43qrmklwJFWYNb5TW5nygkwkLOMQpOrXB6nQySKhdzpfcBln9cVEc9z7IL08liRSDTnX2Ol1
ZYytnwo+9z32+x12+x36vgcxVOub69qurHtlv2dtcLfMC0z/GUCtWBUSX9FmgbwiXmWVi5A+OF2I
sL4YBPHbHEh9cbHHWePmaqdsjRBWzWz1XFVbxyVLnwqdWyokMkXFtfnRWG+ap+rzOWmYIf1VuOkI
wwhGTnomhBXwXBPoRXqpXM4XHA9HrTzThIJVfGlPse3+BvvbW7x7/wHffPMNbu7usd3dIJWCyzTi
fD7j+eUFl8uE4AN2u4yhH9B3nVTieyUq6VkksY4d2tTWm1XAOQdXCnxAjWVC8AhBqv9zKdj0PW72
e6T8DilnfDoe8Hx4EYD56Qlfv3zBw8MDXp6fK6Ew63oexwsen5/w9PyMH3/6EZ++/Qbfffct/vTP
f8KnT5/w5u4ewzCgNui2K12fpbaXDKMxaR2ncqB9j7fv3iGEgPPljHmZcTwe8cNf/oLbuzv0fY+h
HxB2kihxSpbL2uDxel/bedH8gd8Cn1ltwj+A6f/54w8NQE9JGrZNOWHhAvYk2sxDQLeL6Pc9Nvst
uu0AigQXHVwn4DMcgUlAJQbDeYKHFwZyLa1WAKKyS70E3gyEENH3A4ZhwDBsELwAO4QgrOJFNHjN
2c1Fmvk5D4Teo99EdENA6BxC54DkJGhggofpu+kBTQQPhk8BVtrECqSkxBjHBDpc8PmXr/Ax4DKO
GKcRx/MR96db3N7fYLvfIPYeferBZUEIwgh20vNNgcasTmzGnARIBkptmrgkAaWn8YJxvGBZZmlo
NU9Ylgk5LyLRwfI5IUQxHMWBsmTV0pwwXiYVt79gnmaU1LQozbkWUJkhetQCKjMWDTqDlswaSCBB
mo1zy+xmbeKofA02DUeFBizYUdYgV+HIq9BCjjJmGR8AlmU3UFMOcNXz/o2H4Z4OAoBUeQaggs5y
MFhZXpPlADQ4MeavNo00fWIxzq1RB62y7MbAZZMXVNkBOQA9imruprzgdDzifD5hHiVDm5alHl5O
wWavTQydlUqtfpqOZogR/TBUFlrOGefzGaRg1PkkWlIFDM+M0HUiv6K6xVZGLpg31RGtGVubd27B
Vk5L047W6WthdP2VBOPOaebTQibUZghOy6VqvMRtLqQZVkJEqECKxPbXgM/aETWmW1tr4mB6L98v
AHSH0A0iNQEACGDyIIj9YbakAdf42fQ8S103pQLRreEVKzNBmxt6j+C0W7Reh5XaeRBQ1IFUCZbT
4Yjj4SjNKOcRc15QiMFOtL825x79LqLfBPQbL0B0x8iJ4UgrS1RnrKRcx9SeTSsS4rypljLBA8ou
iNEjBHHuKpsX5jwLwGUhkAXHLfonQMcQ+qwMLl6XwOo8OQ/vGd7H1dMAaNfYiir5Qi7DOQ3VXznx
f48HgbRDtAC9ApS2QKMU6xq/AotgCThl1HlGFyOGzYBUGCElLLkAKYFSUgkOldDhxoJxwdfAyKSj
QAZsiPEhH5RpocxkBhwzvJYvOgP6nUfIHilLA0TpW9DAZy6lVrkYK7QGi6xN6Ah1L6wZWVgB06gO
rq4JZwEI6jza/7kCVgBZEzDXNDtbkGxay4AlI+vn6D+Iz9vANgl8fVs7+jmVAaY/yUBPC+RMt5Go
VtEwa6mpfl9ljKgPIcyWpv8ogcoKdNSzz4JxSyrYTTQGJINykTOPW/l4Y62hBnMAV4apjYd9dg3U
FJBza8Y1t9fCebhI0lAGbU0DaCWvfYdOgzFhMiVNbCyyVmXyUBvLkSRfaqiqc1Kb1SBDW5zCs1tp
CutcM8BZG6kWYe/XvUiE4APgmyyMI1wxynPO4Cyyb1IuLxU2ps28CoHQ2Dp6lvgmEWVjDVI7BIm4
5Z+uE321EgKQz1utlTrmrMR6BUZXv9Yna2MxlvGESMuZqJkOLXB1B1QDYhjoVhMCKz+LrsHe9YML
gx2rvEUDZdfSF3axdRzqiNnpYHexOrdtfa4+YvWtsP1fx/D1l62Gzx7i4q3uy/bB6v9Fv1vuhaoP
8Tqovf6rjjOt7QOU4VytFVqCt11DwQqWr3al2S27ToaNsdk3I2WoDbErqWuG1Zy2e7geyTbm/289
rn38/5uPNat5/Xf72jUDz5JhRA6FuZbnT9MM7wNubvbY72+q9rOe2s12V19f5sukNw6HA56envDD
Dz/gxx9/xMOXr3h8fMThcEApBV0nutI3Nzf48OGdAs9vcH9/j+12K8DQOjaquvZCdLAEjK+VVrL7
CxlLFNpgzypmE5glwU1dByJCSjPmua89YHJy9f2KJP5qykRisDr4GkMZKCg/xdb6ZoHqEiw1AWPy
J3ZeEkiTubapfvXVq71/bXSaFfgdsKr+ufmJNR5ckY2KY7B/9V42SQvpT9JAMzJeEEAix5kXkX8i
NysJQsB/S9T7nKusp9PKI2PiF5aKMu9FXq7vm660d04IDClVaUwQYM2FAYisR0pY5qUmnG0PrP0Q
50j9b9T1lFWH2RK7MQSpuuXc/ADo+aKxV3IOxTlw5vo+5tKqWeycA4PhNNHAIFg/hnaeOxJf0qss
GrOA9syTnocCQC/LrPiCYgyaBJT45beZz9ZoUxoOCsMfzCLFFTvETp6+67DZDNjf3OD29ga3d3cY
tluEGDBdxCYcjkc8vbxgHCclLYU2rrXZoMQo5szWY858u9V8SPIjw0hpgYBSJD6uFcFdh6HvhQDi
CDf3d3g3jaIRfTjg6eEBDw8P+PL5Cx4eH/H8/CL4QUqY5wXjPGOaZjy/vOB4Pkqfsou8/9tPn/BW
pX6GvmtJ7Vf7xpK6pGvd1pXzHgHAbr9DDAHffvstxnHEn//8Z5zPZ3z+/Av2ux3e3L8RhngMFeg2
vMX9esteHbrma1zZcIsP/gFC/08ff2gA+uV8QspJAFAucH2EHzyGfY/NzYDN7YC46eA6jwUJxTHI
M4Tly0Cm6mhJFgtVd5JqsCeUf6e6u9bwKsYOQ7fB0G8wdBs4F+BIniUzyrKo9g4jOzF7DhnkMnxH
iIOH60gafHmAPMEH0mBnVTbuxDjEQOhiqQeLGHEx5NMkjb0yf8HpcsbheMLhcMTtmxu8fX+Hb7/7
Bvfv7tAPEZu5R04bhEAgV0AkwDhU55kMgF4mpLwAYCzLhPPlLJlYzrhczhjHcz34szZx884h+gBX
hKETk0PJhJwIy2XBPE2YJmFHX1QLKS8Mzqyl1axBuc3RgmUZUZjhcoHzGT4yoncIIhAFA51rSVvV
VROQobAFQI2JYA6bGGRjtP2WS7pynvWzgRa8sFXFspb3rDwm0z41J4It4JDopH1fbdrT2CL2k1FU
liEgKvgbQ0SMHlGb+YAL2KmIPjM45wrCKxICYoYnwuSk4UMMDpslYEkR4Iycl9pkIJlmNzTQUXDB
k0PXRXRdJ2BmCBiGQf4eRM8pmwwCaeOMecb5Mlbd51QyzuOEOSXRWfeuHualFAGgF8nMJmYUkjGs
bOug8hhszUSkCUTKCzwiXLg2d/VsYFSn1TFLU7UaADhAWffGbLb5LjBnNQsrc0nCKgtS0sc1kLAI
1VaLOIiOrFDVVRCJ2VXgkpyDjx186GWtlgKhkZhD74RNV2Nlruul8DXgzLp/meVac07wjpQYFYCS
kdKsUggFFEhYdDkLkDLPGM8XHF8OeHl6xsvzM86HE5YpYZmSaAMTkAmYl4zD6Yx+67Hdd7i532Kz
7xBZtMa3w14TAsLAywZAW2qeSCoTHAEQu9F3pqWcdV8RQlSbqCC0U1DFnIecuI3rOjDQoNxsqMn2
VBhCu2azJmREDx/wDJXgiAgKQgswSrV5WCO+MABduyzdw1GcjCe/jpz+No/KmFS2JANNxsekDHQN
wcZEgQVJwnr0wwDy0idgnBeMywy/JIS0IKkUR9LmkVmrdqSvQJOtEmk9ee2cMlIRwJ5c68htYJwF
r84FhFAwDGJnxV4IQ5oZWDTAEfYgC5BlQCpkX0Gd+wY0iRMuQYZH0yh2rVRVX8N2XpQWFDLLPWRl
44g8BEHbA0DseQOWTP7FZEoqGGNOtWkuW9UVEchbtYq+9npC5XcOK6kNB3Ym6SfWpmjlT9KGRpVt
R6Slq8rqQpO2YD3AbF8aENWYrC3hAig4yI3lTeYvrYIau+RiibsiQIV3HkUrPmydFmZJJLjSdq68
GVVSxa7DE4hUF9rY1TqWPgSELqIfeoSug/cB87JgSeJnzGmCXqXKg4R6zQai1ESrVoRJoEpVn0AY
ik36wEqHU5KGiAIey/4JmiC25j8iSaNjmHMFiBYFnUtJaq8lcDfNaK5j7KsLYn6Msc2tuqFpyRZ7
of6+oFk+qgEcQQXD2NYYNyCRJaAPEqXrfKCe621eAaiUmGPjDdqa5KsmhLK81T9hvvLRKvNsvWd/
49HuwUCxFfoK1ATl9RYifUkD2teQMTcPDavt9BuPVaBJjaksW3z9iet3mH/HWlnYvMMqZcK/c6+r
/bQ2C8Y0VTx4BYjbOJstUf+0XukKPPNtHZlUE3Q8zaabZbT4x87XK9khoJJGSimq2WqJD02awWmM
8WtA7z/Ko9o1QOdU536VALd/K7mIDN44AgA2mwFv3rzBfr9H13WV+CAPXm1druu/lIJ5nvH161f8
8MMP+P777/HTTz/hdDxhvFyQc8YwDLi/v8fHjx/x6dMnfPjwHu/fv8NG5Rbq2qoJO0Jh8SnW2tIA
4GKsVUDy5AZuFWlKba8PIcAFD0ZBnyMYCSnPOJ8HkeVLi9h+i12UCsl1m+t3OBJN5DoODXwuCp7Z
mWZJU9siNbZagc8G4pImJFH/TvYV+K3o8H9t/huAZQkes7sFYjsFCGQUr4SI6tPa60VWyO7PxrNk
leWQznrgwnL2TUlJAA7zsojkRinwOSPEplFslQ8GqoIk5gsxoB96bHfCfmaWxpE2lxXApNYTBCnp
udviRz1iYU2rLRHLzqQTucpeiLWQcySGCMfAYueMhfOsZ7QT4kzR6i8Dr5kcRPhvtc9AdY8JVgAQ
MhLV0wSOHLLLKF6Ic7KPMpZZEgPqSNd40+IuxxabeiUthlr9JWutYF4WTJdRNLc1zndE6GInxEUF
n32M6Pse280Gm80G/TDAa9XaOI14OR7x9HLA8+GAZVmQS0HfD0LOgVSCxRjReYnR2zJ2dT/anuSV
3ba4u9TzWDS2vZIuTd7UekdtdlvcEfBmnjFOE8bLBYeXF3z+5TO+fPmKr18f8PD4iKfHRxxOR5zO
Z5zOJ5zHM+ZlwvF0xOPTI375/BmPf/oT/vSnP+E///M/I3iP6MMKLMdvFq40XxmwSseu6xFDxMeP
H5EU7P/555/x+PCIoR/w6dMnDJsBe7cX22C2giWO/18BkddjuH78A4T+648/NAB9UpB0ShNmJCA6
YcJsN+h3G/TbAdQROAhwDC8HNZw5pdWzBqyDszHdNFvnfOt47pwHw8PBo/M9utCjDz26EBUMZtEW
LBKYisUUeQaRS5TGXeAC+AIXRSrEdw6UpdzVs4eHr2X25uJKSObgEOApwCngySXXgPl8HLHkBKKI
UoDLNCLljL7fwPuItO0AZgQi5AiAMogEFAcEvIJKMkzziFwSiIB5nnA+HxWALiK7MU1Yhw0SGxMc
hBULR3oUCKBecsE8i2zIMmfMc8aySIAUPGmJDcF7NTokwVlKkx7U2tDFEyIUtWcto0+5gstgKxE0
p6+G3rgGlNW6cQtmSIHhq8y5RBEQLew1sFH9Sh2HXN8nbOsGiNnrpPRKvqMNGll0pZ+pwKLKQAir
sTVGkxIrtyoP8+pEyDUWSFazSnqggFiaMXo4ZO+QAoEQ4EjnvUiJnLAUBLQWvS1Z+8agjSHAE0mG
vOuw226wGTa1iULKWYGiFpzPizzNCVpyEQkbePicpbFTMT1OBYOsNMuSA970qYQT3YBX3RkaDTXO
lc05VmsALUBjVj04K71qTErS1xSQysIUbShVWgCd2dQfNHhujmoLZxUUVefISpW5sLAowRr8BYCC
LpciJfHaMKImK4hgut7CTxK2Qq0UAIOLSFdAtb+BDCKvhAHdS8ssuSbHcvAyIc0zlmmS5zhiPJ0w
Hs+YLyPStICTMPVKFtmKBHFY5ySNOHIhxL7AR4YLDsEFdJ0xcB1STliyNDwpsASTMPZrqZU9nSZm
dO15rzbBwB+Y8+RWe4pAbK5rm3NjSds8GAOCwUipIC2yn5nFcXXk4GNEjCKl5FQDtgWN0o3dqcMn
ZH1JkmVtzkqlNB3Yv/mjgRpZAeJiTiY3LV4L4JyOs7ytMfKd9+j0HCQv8lEuZPgUMWfZ074UpJyQ
kpxNzrpvKwtq7dzmpAAuMZxvQJfTbuSSlGjyDWZvS2EBvLMkrpgMaJWkTHEFjlGZGfaQhKMF+wYS
0WqNrZjiNnJroExtNLKAuqLoJQuVNDqsjB5jmUMde5JzhoGra6rnZEOOJLCG/HQGhq6u+ZpV38Ci
2njMrc4XcmAqWlKsCVYN1grpDlCfpmgAJNdrH0H1KmX4DUjS5VEDZzv39Jyldg3VbstKquCII6fs
cuFgZq0mKSmBnVdsXfZfUO3oVplgTCVXE6FBJWIyGQAtwV9LgFhwq6C89aCAJJg8TP/bXUsvMCtC
uJY1aMG/nJcyLlnBgJQTlnnWvQZ4rTxxzoECKcspij/EBYlSK8EtReVmlFGVuSY52PyX1RgGFyoo
5Ez+iXE19jXxrg8791y1Yaj3LMVeFcFaf5iCnAIWwFngVbR8vCXVLcVONXhdfw9QgUiyZGz7mvVZ
Xa/BgNmV/2WvapbcqW8NWCWZzlrd35ZYWA9jZXPXW2YFA1ArMipz2MCJujdW18rra2fbnhWQbe7c
67MILXDGyuasfMg6Xu2v+oX2e/NPVu/Rua0gPgE14a3fRnbj3Eazgoyu3af3JFWX9irXbB1s/laP
VrVoUA4ElJEhhGOdr9+kmf37P/hX/3/97/+2g9rAt9/9d/tCev0tvPq53nsyjktacDyeME0zQojY
bLbY728FaHK+zoHpnNdkoXNgSJO/p6cnPDw84Pvvv8cPP/yAz58/43A4IKWEGCNu7+7w5s0bfPPN
R3z48BEfPrzH7c0N9vs9oso3mB25Aq+gtth7eLlgvRPCkrJUwy6LNGDNLm2rXgAAIABJREFUYufS
krAsCeS0IkTXpLGQAbH9sYuIXcQyh8YuVWBPxlPWOHGlc9Q9IBJFXKX1fns2rGq4Ac/1HIMx/e38
0zMZ6zUrsZVNX9uj/Ks1tP4bvf677hNLVhMrkYwtPhUSj9O9ac1eWXVyiZpUXvCssmYGnLdrIYKS
siTuykpKSiUhlYjO9qwRVKDntBJxYozoux5D3yOEKJJliwCORQFo1sS7+ZiuApylSsC0yqhWHdVw
ApUR5FKr1rLDKl7CqioUNbYhOHgn2tM2xja2xartVr9v9pPUx6Ra/QmN01ehp4KTWbAX9aUlQWBS
h3pec0EIHgyJyaF7wwWtTGYlIbCRGgpQoASyiGFQkDlE+BjhO/l9F6NIvq588GGzkaaE0wQKAcu8
IKp9CCFqnCUayMwieWbNBp1r+xgwP9POkiJkP8gZmJVM47XpPNVqQRnNwgWOAmIQX33oe+TdDrc3
N7i9ucX79x/w9PyCh69f8eXLF3z5+hVfHr6KNvQ0YV4WPD09Cyg/L9qUdMJ0GfHtp0/4+OGDgO99
rwnyUpNbRQlh9dyy84i00tIRbm72+Pjxg0oMLfjy5Quen5/w+ctnbLZbkeIIQfzQIo04XdeL35jz
1RlXqyptla0P8NePVUXGPx7Xjz80AH3OM1JeMKYJEycUT3B9QDf0iJseYeiRXQJ70UOCkIdhYnZ1
uanhaUFMW+TkqDKmnAsAAhgBXejQ+w6dj4g+IhUNJrTMB4CAKQqUFYiuKTkGuwymDAqA7x1C78Hs
EEtE5AjPAWkpmOdUgz0pPQYceWmQQ0nF+LMRLDBNCeOc4fxBu+dK84G72xM2/RacGcE5DDGAMwO0
CEPBKxMa6jzkGeM0InOG9wJAT+NJgicuWGZxLurhoHIhVJyUy1IE2KFkoGQC2CPnCfMCAaCXgmVm
5CTM7ugJHoSozaGMAZ3LgpRHqKIrgmN49gAlgDysu6v4Y+KEGwzlyIBeUjZmgZWl6+zI4SMIgrxH
kxNWHik+oh7tJVVpkddBHoAGikJCOFbNWdP+0xcB5sgwqT4tVUdf3muAqBzK3rnWGE0DbcnwmzyH
q06AMMuyMq2ysDLrwS0KuyUTSnbwLsPbvHOugbEFvHAM0w/uonSSDd6DwNohOWA3DNjutqrzKYB5
KoyS9XCZJ0yzHDamB1ggGplEAGcTM27BtgyTrncr8/Vawqxjz0WlOhggFFQN8CbYUX+up1sCIw0P
zbFm1YldHTBEosXOALiIxlopWpCtyR4BkNWB/JVloqsnqcyFsCK1MaSDrseAooaJHYMzCagKgZwl
NpT3tUYaBc6JBrHci1UBWHMuAfxE14tBlFHygjTPoCBr3JNDASHNE+bxgjQKAD2fLpjPF6RxBi8J
yAasytItjCp5vqQCuIL9DdBvCHmRBnfBDRUIKHkCuFRmHxGpvVkxWxTgEKCsKOBsCUDUChRjRrPu
MZFTIeTsFCw29jpL8qU6+FoLoPtEEmBJCLOmDe1Eb36tke2cSR7JfrQxFf9S7ikbuM4Mx+Wv64n+
DR7mgCYWALdogLakGfM8rbp0k+rXivEzkECaEoo9Z10jTtkztMyg5OBLgc8qr8K80oLEyl6KVAbn
rAGGnGOktg+m1coyvz6opnF1dhlUCuASkMT59cUJAM1ebQlXeSK7dwNdpNRT1Kpr/odQ921rwoYW
TFswBqBQAqdSr1Xe6xTkoVVyQllhrNCrQzsU7OPtD8qEXQcDEmBqmtbmgzWortIR+lrX+h4Yy8uA
DiYP5tSwRCIFpkXGyDvIe6kF/4oqVCBJ7oW1QqONTdOPXQXwWAPmOn45i852afdmYG8uhHWAmpJD
HwqCJR9UG5lASGkFQpA2pzHwvcqeSN8PVwMtqxqTG1vr4luPgAhlfOo8OVZDbLdatJRdy+GlUkDW
k60rVMustmRZKttd1ETa2RxCQN/3AsgXWUuszVnN57R9ohONyhJTn4SMZeVb7wuA6rXKmK71MC24
bOedNTezdS7AyEqm4QqctH1qclfQcmkDkE3MQS0x6zp9ZfQMcDA2vTH6sjWCArV1ox9DbGCpuV4N
nJMho6u8DkMLUtZIT4sg5derpW7JQat+gtnqaosUmGGu4Im9u4H7jUFW73U93oyaULJxWoPN1QfR
Xzl7n3kqK5DLQLIKGKjdsphiPQ5Yz76z1Wr+ASqb/9dxsiZ7SPZb8Cu7SDqODc3+9aOQVnQ0YNBe
6pQZ/doe/s0etocNhMTac8e/GTTgSgr4vRcA10Nmk7r6UlssuoeZC5ZZ9EvnaUbX9dhsdthud+i6
3oJJWEM/ZpZYNUhckFPBOE748uUL/vVf/7VKb4yjsC9jjNjud/j06RO+/fZb/NM//VNlV8cQ6j5d
23XF0fQsEsJEIKoydYA0rp6XBc/PLzgcDtJkbVmQU5JkdteJDfRa48raU2iR5nmiVezRdRFzCMhp
UaKCfI/tgUq8YBs2Up+UW3USt4RJBZBW82QMUJg/B9T4S19Qz2ZLQlridBWcoIkNNcqRxYr2fbaf
HVoVrlPglohaOUQhCAlKMICc5U3BO/XfSasLpKqslCKylYExbHxNIBWWGIA8EJyXGD0lJfOohGUi
8eMgZ5PX89LOFzDgg5MG8n1Xq13HeRY5hctFGKcxIpPSYdZSkYBWJko8KU3rXZXWotXY1PHTs0NC
QYllrDzYeae+h8R2bDIhzoGi9HMyyUk9UkEWY9gcaCzvHKELsTY4lGvybX3oFJscFvQczytA3YhR
SX3+2AUU9IhdlO9Wkpj5wbIeFJEoAJjQ9wM2ynKOsQN5aQAeYkQMEmMbgE0EhBhw092h2+4RugG3
xyOmaQQXRrC6cV3XFyUGOufQ9xt0UXqneK2kMukVmRPRXjUGPrMSPYr4IuaLStgnxIGyLAi6Z6TP
UIDbeNzc3ODN/Zta2f749CQVGH/5AX/+4Qc8PDzg8fERp/MZl8uIeV4wjTMu5xGH5wMevzzg8P//
f3DO4d37d+iGXvpBgRE0mZqzrDEjGZhtAggZgnVsNht477QX2Yinp0ccT0f8/PMv2O9v8O7dO/jg
wSxrdJkX9ApAJ+9ApUnYkfWZ0i8yHId+79D4ewZ9/w8//tAA9F9++QXSMG8RxslmQLfdIG436DYb
dJsexSUUl1GoaFO+Up3vNZPJSoHtAK6MI3L1NRKcR3g/oAu9lEEyoaSMNCcpjcilbgyTDvDKDktZ
AN6yFBQk3L25gSNCep9BE0TjeXHgGTgfRxwOJyzLgmVewEtGSpItLGqsywrcrGALgHFc8PR8xLQs
IoGQMp6fn7HfD3jzdo+PH+8xbANCYPQbj37jVYhedpGwkQLIDmsN7MWxlqyadwp0ZK6ahcwLmB3A
HvPEGM8FJYlUyNPDI54eHnA5HjGeBMzuosftzQ7bvkP0Hm/fvsHt7R7DpkeMHs4LCO28NoMMwpDO
JYEX1IYUa7eaSRiTzWWw6MS8KflRajq2uRIMYWUW5Op4lPozoXDCmnVTP7f+2eZCv92Ahhrycb2G
14xs+7+xXJyVFaGVWOcC5KzgjZag51XpGXNCKcJo5lIAKjpv0CBeAvxC4jguywKvc9l1UeRTTIsL
csgEbZzURfn3zkvDuKHv0HcRnkx3TjpuT+OEcZxwGUdcpvFad9bcDkJltFWg0RiZyoaLzokEh00R
Z5XgFuaYNC2hpgnJRZIqOufrPLjdCxmYUB1s/XfN9IpToh/hSBqTOi3ZdwHMpekCGxORCKu8aQUS
9AtE683sCfS+vVPdRgLgYQoeAmsLc1j2k5WtE6T1qWh2Q0ForqC02jQn2qp91yE6QvS6hgqQ5xmX
csREIzwFXHwHB4/npwOenl7w8PSEx6dnHA8vSIs0BY3eYzsMUuJeMg6XGXmaodL2LZ9SAC6S3EgJ
mKcspWH63Z48KHRgZC37WzfyEA0yFzw8K5PCEYLOX85AJqrNvFTIu0oRydyL7StF2Ini+xFyZozj
DGuSkrRsPqWMnHL9nBgjInmR3ggRIXTaPNFDuomrY5okoeMcS3KHSmUJgiFM7LxGQ/52D2ZgmRcJ
OB1hYWucKc9lnjBNowaEHQwxM2DPmpWllKrdIifBCOUMKOAHkgamsH1fcu2ubVIGVVNV170nSaVw
YWTONUhhSCDrgwLRRZzkFYYE76XCI6rNCEEa63TK8r5qxFeKyHRkCTDFsZZ1I9UtAnpZA5Iqw1DR
gooGgVjHho3hiRYM6+9IgzcoG9k5p01+qEaedl18JS2hY+NNhsTVdQy9DCc3X0vgze54b0GnBcgM
SgLqlRKUzWnVM74BY1qBIYCzU+COgMxX0lJ2vVCQLqUGXrIGcxJnkybkDSRr1+Ocq02mROIogbKr
pZ7Z9hJJz4Cu6xBjrPqi5JxKBUHPdwFBCMKqin2noL9cd8oZZRxBbgHIYVbNUWs8aGxxstJfZkAT
I3WAqhyPyFlZUFaMTGC+YWUEc2XfsY63zZM0TxZGUwyaxMpaiZBTZbFDX++8sb4LCqtOt/oCFVjX
+7D3gUhlu2R/G6vaHhUAdqSlyjJ3xspqoO2vbVU7k42NJvsoF22GbCAlmf75CsR/hURfAULQ/awl
8w2st/FsOvWGcDXg1xIM7f6dBYg2h3Yt6xhx5Z41CLn5W4WBdW8P0kpIITe0j2EF2o1lx3YAMmBN
tkwTFFhXB/DVmJiOssUfzf5cj1Pdc3pdhRTAUkAJ3JqtNXfDWIZr/qZ6J04BOhsUWl3D6nfXj+Yb
r3V3r5bM6nMMFLR3EZnv8/pz/yM/1smM9jBJn7QkOOeE3LHdCnjrWmLSGp+ZH2tJsMPLMz5//gV/
/vOf8eOPP+Lx8bFKeWy3W7x58wbv37/Ht99+i/fv3+P+/h47lVgwwOv1ArBESzFQhrShoJbfT+OE
l5cDXl4OOBwO0kNmmVVyjdF1oiN8c3ODm5vbmgReVE8YQPVXUzcg9bNW9GZYJYlI2KDuX8itV8m8
7CS+ZAiDV8BrVwkQsk159aympdnSV/fs6n6S/1GR13K9iF+Plf1WDUNLnrVLrmNY32sxe2lMaDuD
6q0SVZwh5UmrVFtSz3wCk/y0a3TeIVJAQtIzAkKeqetsAbNXcg+hjx2YilYUiVZuzgVLWhTXSPVs
DyGglARmkYxKqi1tvSVqbATrNYK10a0D0oDE5ncI67md21INujoL9HMcRBYyKzOFWUB7R6FWAwkh
Qc8yY2HrmFqc60l6jxhjuAKMr9x4ImEIL8si8qRpQcmdyHdkOc+kkSQhhigJ7iLSlyjC5A0haGJp
g2HYwIcgeFERiZN5noURPE3SEF6bb2+GDTa7gG4YcD9JMiCnhKKksZSSJH7mqbKKj8ezjIkSTkQG
TO5tGDbYbnfY7XbY73f1DJkX1e/Oza/iWeIIWxc2D1JBGFQmzMFp/5e+H9D3Pfb7PfY3N3j3/j2+
fv2KL1+/ChD99FiboB5eXqTh/TSJlO404k//WWQ59vs9Ntut+mrtIC6l4S+1mlPruw1vu7u7w4cP
H/D09ITn52e8vLzg8fER0zRplYeQF6U56qJ+KqtPZbbOcIV/YMv/J48/NgD98y9irFzBzd0e7+7e
ot/+D/betclxHFkW9ABAUlI+6l09XT3n3nv2//+otTn9qmdnVmZKIgkg9oNHAFR1z7m7s2Yz18aa
berKypIokgACER4eHmw6OB52mPYjakioUrDqilxsUdUePFJLL1wCSgY2i/2bM28okD9gGpldCogE
d9aCvK5mBBbUyux0TMxusZQ5ItcZdV2gK+Uanr+8xYvnzxEMeA5zRD4VLI8Zd1/uAUQcjyfUekQ9
nbE2EJprktugBf8WwIoEzHPGkjO+Pjzit7t7nE9HfP5yi+urEW/ePMc8f4eb2x12u4ibZ3vchgNG
3YDtMWLQBCmKXBZAuSmqlVqXCISi0MzS7jWrlWHZ9WXgfCw4PWaUlfHwpw8f8OnjR2jJQK0YA3A4
7PDs9gbPbm6wGwY8e3aL29sbDKN1yw2KogsCEiSwW2tIQCkU81djV21ZTClF6nTb35sGlDkQTRPa
AMCm46tKWQCAIC4s2AADw6IFRVdIcwAvd1TfcL0LAgHE0MAZAAaXar8m96yAHtTIRnsvEEyoJlsR
CpADwT4t1GJd1mwZ2krg2fVoUUy+wLpKx65J7ODcujJxE01HKcWEGCIb04WAwcqdhyFhTAM1qGNC
CgFDiBgtC11rRV4zpVlOZwLQpxOezidmdqcR4qCwVsDKoIKBsS6zQKfRdFpNloJZdtM3Lg7Erwba
iq3RyDFr4O83zHMPpL9x7BrjyX7vpXhQQBAgEagakGpqgbI3zurJK/9O+3PzvV4Z2BJaQmY1ojYA
nUCefWyTAKPjX+FtGBX54sW5Y23hhGxxCYKYIqZpB6SIJOA8qWafTjOg1JYWjdAi+PLlDp8//4aP
nz7h4fERVaVJxYwpIcY9ivBbiz5gXhYUQQOhW0FABWoJKCuwgOz6GAnExZCQTL+7mI7auq5kEugK
RUAcEmql06aJzyFoAFSxKhBNS9IZoNTbjygmZLfmitWTYcogBIXM32pB1LqumNeFeshV2QRkmCgt
LiZxkwyEjglRIgx3IBhXCUjRBhgjJxgfpoHP/5pDlfp/p/MZOQSOl499KdTfP58Y3AkgMSHUgetO
AnXk1ZqSGDgNiWR3lADNZlOlgzyqCinCjuYeRDho4gnbyGSAy0PUWkyjusEwLVgLtSJqsqSTQFKk
A2+2IqXagEe184XEPZqdvYsxq9amd21PhwlFu76aCyg/JT0h5OxkdIBrC0C7fIuzwapQbgr+TII3
iE0ElkNogCorh4oVvxgQFOWCkSI2j1kJIM03SSk1e+PB37YEkYnGtdlKDdIAZZeLaSxReCLM2JQ1
ALbPdUbot0AgesS+Odi0Exfj53YLAJIIyx21AlkRQqbPYgnTbOdhOSqDlvP5jFKXBh74UWGoQSG4
Nk4T2V4eTJeMslZT0AgmEbQaK126lIAhIEU9IWDak5YA4Bh3WaZaXSOb9kGkIni1jNou76CGgY7J
wOfRGE3R2IVVCmItTf/cqa9kcKeWkKs1oFqShusgtvnQ2Hpme6saO8m1v0s2d8IAxkBfogSfWwT/
t/tea2hnz8DLv7cgdCt3LUJ2cL2UrOpMYbRKrO2c2L6X/yYQ8Qa6ZL31db2BhzdgDsHM4AUJ7brV
AVjXvwi/5yg1BrWBR/0/QLT2a1W/3sAKq9YQrScc4I0+fWJUA8piRIgKb2R2CSb3hqRMWHEebkWj
tkD99vz0S+2erCrA2Xgh6IVMRmg/f5sQ6L6leb8bAKg/r9/Dov0f6K1swPHt/YhLowS36JzbsGSG
/H5M/hmHTwv9V3z53z36U97OEW9y7eXz19fXrfFgtL2kP0QjbNhcWZYFv/32G/72t7/h559+wq+/
/orT6YScM3a7HW5ubvDu3Tv88MMP+O6773B7e4tpmqx/S+L41noxroADg1swDyg543g84v7rPe7v
7vHrr+/x4cMnK7M/9x4EIWC/3+P25oYgT+gNpT1hBgDJCC11yijrDsWqJ0UL7SYAWGWJT05PzIWo
iNUknmqvwnDNYd/DtgD0ZiHacuiJFbcz/RC4pnWvWvhv4ChziLd26+JsBj63SioA0NBAaM8farj4
GO/V9iUHoFMkSOxN73LJzT9RVQMLE7fNSiKSmn9XDICuqAgmQTkOg/WhIvkMAHLJWBbqSFOnmdeS
hsGkrWpLnMRMNnsDfP2FnnD79tjOf5h9rUKpu9/9+2Yc2xibrBiqsBoqUCrSGxD7hHDb2MZd3L9y
HzX1KipPDoOyZu3zttYI9rKaEAo2hrRn7j2CxnE00qFabMA9YjCd591uj91+B5GA8zwj54JcMpI1
ID2fzgRL9zsmB6YJ0/4KN8+em2Z2xWKVq+u8YF1WPD4+4vHxgT7wsuK3uzucz2dME/WRYwwGkhc8
e/Ycr18D19fXuLq6QhrYw2mxhoHzPGNdTUanAEEo3+NjQFm/ZH6RP0NiA2EXcXV1hecvXuDV69f4
6+mv+Pz5Mz5+/IhffvkFP//yC3786Ud8+fKFfadOZzw+PeF4fMJvv33BvMyYpgnvfvgBh+vrZk9Y
HYcm88YxhRGdSC7z63j27BmTcg8PqFXx5Qs1qc+nE/a7HVIaoJYwWNbF+sFYHOR9s2wPbf2d/jz+
oePfGoA+nzOd7CRQRIQ0ACGhWqNAU+SDotKRDxURiQ2w4GXgHlCHVq5A7R0LDmMy0CMhxIQ4JKSR
nWRVlGxcCDv9lmx6oNzoWC7E4JsavQUVBbku0FKxm/YY44ikE8KSgCRYUSFlxTCeGcwKs6IEG6mb
nLPLBgQoIlqbUAP53OSzJFcgxuxjYwKxhgIrVArCUSBJMY4RwxBgUmPcXOqKNS+Ylxnn2djdEJzP
K07nGcuqWO2aFjvnshTkBVhOFedjYWCYFY/3M06PBWMUjCmSSZt2GIcJ40BW3jBEQItFfACkQHVF
1QW1RqyrTWdJkJC4UwuBEm4saAGjgmxIfy5iTjSLyov9jqz4YJpUodj7lJtrdc1d1Q5Gt9BlC3H3
7/FyTr63XgChLjNQ1Rmu7Nxbi+umLc0xa4a+GhBZLOC0r2Hmk8+XGVjXjva5YI00jX0fhCxysRYz
MQqmSZAie/sNiQFzK3kGIO2zXkYVG5CqAspuVNecLVbuXFrnZX8sLRBzIKEFmdSnNg948/tN8AXT
DDV9cjbZq8bGJFMuGDPK8wJqgWFzWEJgUKTeobiXYW8do8ZwsOvgpkYQvmXlN9hIZ0S4E6vdmQUZ
BLlUpAQD0owCEoWAE4yRt0lCCGiTqlYQRnSwIdtrNd3hBbksWPOCnDtDQeCBLWVt2rqoFcuyAlUg
GqjpnBV5PgM5I6pi4I6OCiCpImtA1ohcC6JWjINgHImzOgjt86clEQCgVmuSJk0LVNVY23D9rWy2
s6JkxToDOlCnlVY7ACogVLnRPFRjd4U+GIxNAsEBYzK2clXXInbt2eIAqaWDLEBVB/R8/ig2QYo5
wxB4EolsXzLRFAa8GAjkTOB/+mEO4TiMGE2XDuD8Oh6f8PjgeotsHBo3DFs+dfXTwJYXEARjGJFG
wZAzxpwxrwuWlWWDTWsamyatAODyDw18dn3iXiHkibiQ2MQwJDY+6dbBSjzNBjqb20FudfDQADCy
GsbGfPVghbaVrNg1my5i5bips7hXG3JjePo82LJ7Yf/uYE4LMG1+KHqQl0u2Sl8DEg3kFvD8LUFt
gQ/ZidLO174PHeSLpjG4DYjVwEw+u4DYqrBq2wkMQfIpbXM5mjliI8CaC6qIJbLd/m73k2+mmqo1
G5L2XIg6SSt9JuCpxlT2ZD+ZSkOkH3ZeZsCSHwx8VtNm/2PHP6SIiNTmAhMsBG6KEiar9nvaAQdj
TQLJGfsGynq1F0FolwOJvULDR0FC3/XtfCkmTNNo81AwWrBHrc6KeXHGmu+LBcXZ2doBUwTfb221
VqGmt817uEdnwKXYmx3I8QZCDUxpyQrXzjaGte2b26a5LQETeuWTS7xIjJu9lfOYwKw/lq5B28an
JSGcMd8eYbPhABm1ZPupaUvyWQTXcnU73IAcGz90myYGi/rpmQytfR1t52vzyboX5393bVl/ztSb
3/gpbU+wpIXvD9s/DSDktmTzP3RpoGYqgj9DMu3J1mTyDZv3b4H8BpTZn/5cyITuIHJ1gMuXMBSd
DYh2L1ubsk0ywBMNfTDNtZG2F/Z5uvk7jF6wBfiaL/W7ofjz2By+t7DSdUGtFcMw4OrqysCStNl/
6NckZv6Qc8HT0xPu7n7Dj//1X/jxxx/x5TM1V/0cb968wdu3bxvz+fr6GrvdDsMwtMSRmB24ZAp3
2SWA8cayLLi7u8OnT5/w8dNHfPr4CV+/PuLx8alp2ZfS5ZMc5Esmbbnf77HbT2YKtFVseGJ1HCjD
EYKYFJ2vQZcFpJ8WjF0qIBFHA21TMalBAE0Kh3v65t4gl1NzAz7zT3jg3uysP6cKVln6+vEhaWut
ncDWvP+5sVt/dDSQuJgf0W5b2vjwz2DyUNR4Pp/PgAC7aQcBtZs9BmsVJykg1gBZpY2pS3KgiiUp
mTiVaElr6dddTSu3bBL6Du5nS5h4/Kdtv2LcFFolZ7dnsNtqSXANELWmilohldF5tHtlLtASwXZ+
lytjRbolaGulfIX1kRB7v68xjoURSKzidTv+jvl0eTYPtH2PZM+iEKm7rQCKun9qcpDmW3nCzUkL
EMEwslnnfr9nVSGIGZ1OZ0rWKEHPYZxwPB5xPB6BmKASgTCgqiCkAUUV53nB+XTC8XjEOs/Iy4p5
mdmfJSVcXV8jDSOKMdNFWDnjLOs0DJxDFp9K5LObpgnDQMmcZaFMjjOiJQaL3cyHsHstJSDksNlP
BhJDasVkEi4pRlxfXeG5MZO/e/sW79+/x4cPH/Dw9QHzfMbDwwNKyRinEbkU3D884H+eTri5vcXV
4UByoPy9NSStWqKqYhgGXF/f4M2bt5jnBQ8Pj1jWBXf3dwTzpwlrzjiejljWBcfj0Rq9um36+2v1
z+P/2/FvDUCf5hUxBiQh6CyRzem2QS8BBoI/IUQkcQbq1juisQmBelrONBHXF4yJjDHrop7GBInU
c6pKbeYuTm/lvQoaDQu4u6YgmbSqFTEdsNuNGGWHMA7QEJG0QMqKcToyiykBRRVrrgSgc0Uu7OZa
TcOw+cG2uUZJLViJKWEcdxh3ewwT72PNlYCyAhAKzw9DwDASgPZSqarZAOgzNaEzg6On4xlPx5nM
59XKR+aM03nFPBessyKfK9ZTJQBdKp7uZ5yfCoYDRfunYcRu3GEaJkwGQKcYDYi0eEWp7VPLgpxd
J0sR4giJBSLJLraak+CbN2GioGSw+vkEHAMyNSqgBYKIqhlBlUq8im8AaINCWoSDDVCKb/50AJpz
Y9uIkG9x/URj4mkwpy23chAG9WRq17Lp7GzGP4MlKDUTiC25A9WGlITWAAAgAElEQVTtWiTQSduA
zyLJXgxQUorYTQMlOKJiHEaT4GD0osUC3wa89XBDLRismaDnaiw/L62js+Ianr5x9IBOPVBs2YJv
wWdnKxpwaBqXztar1bVRK7ApN20sBXeg6+Y8UHC6cI6IgaXbktdtwOdBXzBWsbuQnJNOVegBtV0A
epDrzfpyAzhZ7mZOsD1XqPZScacTm+Cyqjb2n2JBxQLFiqIrsjoAPSPnBcUqCzwgDBAk0w0UAStA
lhWaFdCAvBbkNSPPM6RWjCGiDiOQAmqgTEuuFVkLlpKxlIxpjJhGQQaMg61ICUiR2pHRmeamg1/U
ugzD22MWSCBAx07OrCgoUZDXvn4CKDiCyM+SsdilUloVgsJgCAHB7WBApbbn3xxkZxWSwtxkEwhe
+xxw++HBioN1LPnz5I2iSyqIAd21KqVh8r8QgBZqE6dxRJxG04vf6OkZAzO5vEhbLnx2bb7xYbRX
TIF9BwzsdSsmwdjPGzC2YRCe3A0RkABvLNdhUbF9Ea15S5PTAPfLNVtJYGTCNdSAoGz45t/h5YMM
Mlit4Q6p295lWbAsZJUowModB6DVAG1nVoRgTWq+ZTFaENXsWL9ne/ig3baKFe3BD7XMLSFoYI8z
l7rWbC8RdZDJvxPABbDbX+B+H1J7bhCBWAKQAb62przq9krQguoQIgFoSAtcneWtLvXEj6NF7nao
7TkqYLVC6ONi38jnsQlc2cyWsjcIgvO6ABY8LIvrgnql0uXjVbADh8JsU8mNPZQLm9zSL+rzWDbP
S21fbSwn+zkm66thayOlLSPZ5SJsPGzcnX02jhPHOIZWOSFCQEHnhdea1wbMOKivDuT6OBqTS21/
qoAlzWoft7oBe8UAheqJArT79HtKVh0gIpBaUASUCfLkhAgkBYRIQgUDe5e2gGmyhzaeXkVUbKE3
Nq9/QNWqtsw+6CUo0wfUfjAVMqlEbn0O4QIIA3U+N+AGAJPF8b2XgIP4+f4ofmxTV7vkldk3glX8
nG7m7vY63K/wE7ksj/j9GVinth4QQHZ1Wye+Znid7iMICLpAbHcx0OYyAdL9FITQvq9uruGP2IKs
aDHJjv4P3GMb+y80W6TARXJBqrPM+9B1f9De47612Qf5dqj/PH53bPcWZzGvK5m/UMWQEoGqifqk
gO81nDEhRPvMGV+/fsUvP//SNJ9PxyNyzri5ucHr16/xP/7H/8APP/yAV69e4ebmpu05fl5nrYp0
xZkOVHaQeFkWPDw84PPnz/j111/x4eNHfPz4kWSQUtsccqDRZTjI1Odcq7UiRLnQuYV2WQdKMY1I
MVm1mfc0MX9drcmsJa8AoMZISa+gkGq+fYtWvEJiAwZ37777Lcr1rm0No3+v2z5bd8V+v/03nsz+
5+Ctf5/7Cn8wD9rvbJ+vAus9Y/2DOFtA7ftekQKzDy6x4pKA4zAiS25zTKFtfTuoXN22aDVsgkmw
GEEeV+jVl1pdWqJ02TJ0KaBsja3d16jaExbRkpgM5y4BaA/T7CHCE1/e90M2n3e2ey3fVNYEQURA
DaEVv3j1kY+Kg+ZBnKBgSUsfHxtkx3vCpjLJf6/2XSG4j8o9tUkJmp1VA5CbZJbHdWYfh4HEj91u
h2EcUHLBvCw4HY84L0sjKQzThNPpiNPxCA0RVSJCGoEQEUc+49PpjKfjEcfHJzZBtiQ3RDDuJuz2
e1yb0fZ+FiW7xMcZwzAixIiiaE1CQxTTQ6ZMyDitOM/eWNR6kQl9EvL3xO632Eugxpx3GbNpHBFC
wGG/x8vnL/Dy5Uu8/e47vH3zFj+//hmHwwG//PwLPn78gHmecTqfUFXx8PiIZV1Ra8V//Md/YEgJ
cerydtu9xS6rr7eqSInJt1evXuF4POKXX37Fumbc3d3h+voaz58/R15XHI9H1Fpt3oymtS+t4vHP
4///8W8NQB/njDQETFGsBLtaEFKx1oqQCxv+hQpYeVyMAyAJAPX4Ss7NGMYYkYYRvgVx46RGkAff
1IO1DdS3CeECTimyO2x1PdnOzCrVmxCScaKqSGPEMCUyzIYdQpywSoGUGcP4CAkDKgRrUZO5UMqI
VAPXIVDLEvJ7TK9HWIY/HUbc3l7hzXff4fXr59gfIsYhmBErOJ5WPB1njAOQBkFKAgmul6kgOF2w
rjPOGwmQx4cjvn59wumUcTpn5KxY1opltuaCq6KsQF1sQ6qKklfEKhgkYTfucHN1jWc3V9jt9mTk
mf4wYACPMnBb5xk5K8JakUfFUArSUDiOIYHM9ojaWDwDGe7ikg8WPHhQDzHGiysIG+Dr8pxKkFFh
yrrG0JXAbLJNFc4R0eZ4dDejbzr81Sb4aJIePnMMHN0w9LLJadRSUQs3iIgZAYISBDUTlNPsDafo
kATYuMGCuSBIpg/mUhzRGAkxANM44XB1wBAUKQLTRAkOqCJbw4lSKgIKsgSEQOa4ANDKTcCbMywl
43Se8fj0hHlhU6YhRaQhGbuK3Z3JknFAw8u++8vZ0KVklHVFNgDaYI7WeVkbx5dl8MHBGweAbbwh
XR7A2bBirD3O8w24pCYPUK3RiT0zePDfAKHuTDkTwkGd7SwABCWT1eKBa1QFojcv69dLOQdpDXtE
[...]
7YofbH87Bl3lOCGymUxcMnte/OqiU6K+tGxGffmmgAY+4EBzS/zR//1f4sDB5lEfU1NTHb/37z8b
ay+8YAKTAQAAAOOle3AwHty7Le7dtS0GjONIVC6TiTV1s+PGpatjTnlF2nEmnAIaOMLO3Xvij//L
/xstra1Hfdya00+N3/zXn4gzJmA29PBwMZ56/vnYuXtPfPLj1yd+PgAAAJjuOvr74r492+Lxfbui
Z2gw7TjTUi6TidNr6+PfLF0VTRVVacdJhQIaGFFzS0v8yV/8dbyzeesxH3vWGafFL374Q3HJBedH
eXnZuOY40NwSP33m2Vj3wEOxe8++qCwU4pZv/vfI52fOrCQAAABISttAX/xo9/Z4cv+u6BwcSDvO
tJLNZOKsutnx60tOmbHlc4QCGjiK3t6++Mv/8c34ydPPjenx5WVlcfH558ZZp58ep5+2MhbObzqu
3ayLxWIcbGmN7Tt3xZsb347nX3k13np70xGP+5M//qM4/+w1Yz4uAAAAMLqOgf54dO+OeHDvjuhS
Qo+LkmwuLm5ojI8vXD4jx268nwIaOKpisRgPPfZEfOu7t0RXd89x/WxZaWksaJoXC5vmR+OcOVFR
URHlZaVRli+LweHB6O7pia7u7ujq6o5de/bGpi1bx3SOa6++Mn7vc799ok8JAAAA+Dldg4PxbPPe
uGPHO3FoQAl9Mipyufjw/EVxdePimFU6vleKT0UKaGBMDra0xv/8X9+N9c8+n3YUYzgAAAAgAQPF
oXijvTVu2fpW7O/pTjvOlFRTWha/NH9xXDanKapK8pHJjP3K8OlKAQ0clzffeSe+/4MfxnMvvZzK
+UtKcnHDx34pbvy1X4nS0tJUMgAAAMB0NVwsxq6ezvje1rfizfbWtONMKXPKK+ITi1bGefVzoiSb
TTvOpKGABk7I25u2xAM/fiwe+8n64x7NcSIqC4X46DUfiY9ec1XMnd2Q+PkAAABgJjvY1xs/3LEp
nm3eF/3DQ6FAHF1JNhuLK6vixiWnxorq2rTjTDoKaOCk9Pf3x3MvvxJPP/divPza63HgYPO4HXvu
7IY475w1ccn558U5Z54e+bwVzwAAADBReoYG4/F9u+KxfbtiX193DBfViO+XyUTUlJTFuQ1z4lcW
Lo/avHnPI1FAA+Nq34GD8dY7m2PHrl2xd9/+2L1nX8TAOWgAABYtSURBVOzetzc6O7tG/EVVVloa
1VWV0ThnTixZtDAWLWyKBfPnx6IFTVY6AwAAQMqKUYzX21rj0X074o2OlugeHEw70qRQls3Fkqqa
uGJuU1w6e35kzXoelQIamDADA/3R1z8QA4MDkS/JR0V5eeRyubRjAQAAAMfQPtAXTx/cG08f3Bvb
ug7F0AxdDZ2JTMytqIgLZs2NS+fOj6byShsNHoMCGgAAAAA4pqFiMbZ1dcQLzfvj6ea9cbCvN+1I
E6o8m4vzGxrjotmNcUpVXRRKStKONCUooAEAAACAMSlGRM/gYGzr6ojH9+2KF1r3R//wcNqxErey
elb8q/mLY2VNbVSXlBq5cRwU0AAAAADAcSkWizFQLMbWrva4a8emeKO9Ne1IiVhYqIqPL1oRZ9bW
R2k2p3g+AQpoAAAAAOCkbOxoiX/ZvSPe6miJgeJwDE7RVdHZTCbymWwsLFTHVfMWxnn1c6PM/lUn
RQENAAAAAJy0weHh2Np9KJ46sCfe7miN1oG+6BwYjGJM7voxExHluVzUlpbH4sqquKh+XpxeVx8V
OTOex4MCGgAAAAAYN8WI2N/THa91NMfbHe2xr7crDvT2RNfgwKSpojOZiLJMLmaXV8Tc8kIsq6qJ
M2sbYlGhKnLZbNrxphUFNAAAAACQiIHhodjR1Rk7ujtjV09n7Onpir09XdHa3xdDxYmvJavzpTG/
vDLmFwrRVFEViwpVsbiyJgq5XGTMd06EAhoAAAAASFQxIvqGBqOlvzda+/qipb839vR2x86uzjjY
1xMtfb3RNzw0rucsyWajrqQ0ZpdXRFOhKpoqKmN2WXnUl5ZHXWlZVOXzkQmlc9IU0AAAAADAhBou
FqN3aCh6hgajb3gweoaGoqWvLw72dkdLf2809/dF50B/dA0ORPfgYPQPD8VgcTgGi8UYLhajNJuL
XCYT+Ww2KkpKorIkH1W5fMwqLYv68vKYXVoRs8vLo1CSj7JsLipyJVGRK4mcVc4TTgENAAAAAKRu
+GflcjHz7v8uFotRjEwUi8PvzY4+/M93Vy4XIxOZyGTe/X+ZTCayUfzZP//37aTLVo4AAAAAQOqy
mUxkD69Q/kBznEsjDuPElo4AAAAAACRCAQ0AAAAAQCIU0AAAAAAAJEIBDQAAAABAIhTQAAAAAAAk
QgENAAAAAEAiFNAAAAAAACRCAQ0AAAAAQCIU0AAAAAAAJEIBDQAAAABAIhTQAAAAAAAkQgENAAAA
AEAiFNAAAAAAACRCAQ0AAAAAQCIU0AAAAAAAJEIBDQAAAABAIhTQAAAAAAAkQgENAAAAAEAiFNAA
AAAAACRCAQ0AAAAAQCIU0AAAAAAAJEIBDQAAAABAIhTQAAAAAAAkQgENAAAAAEAiFNAAAAAAACRC
AQ0AAAAAQCIU0AAAAAAAJEIBDQAAAABAIhTQAAAAAAAkQgENAAAAAEAiFNAAAAAAACRCAQ0AAAAA
QCIU0AAAAAAAJEIBDQAAAABAIhTQAAAAAAAkQgENAAAAAEAiFNAAAAAAACRCAQ0AAAAAQCIU0AAA
AAAAJEIBDQAAAABAIhTQAAAAAAAkQgENAAAAAEAiFNAAAAAAACRCAQ0AAAAAQCIU0AAAAAAAJEIB
DQAAAABAIhTQAAAAAAAkQgENAAAAAEAiFNAAAAAAACRCAQ0AAAAAQCIU0AAAAAAAJEIBDQAAAABA
IhTQAAAAAAAkQgENAAAAAEAiFNAAAAAAACRCAQ0AAAAAQCIU0AAAAAAAJEIBDQAAAABAIhTQAAAA
AAAkQgENAAAAAEAiFNAAAAAAACQiExHFtEMAAAAAADD9WAENAAAAAEAiFNAAAAAAACRCAQ0AAAAA
QCIU0AAAAAAAJEIBDQAAAABAIhTQAAAAAAAkQgENAAAAAEAiFNAAAAAAACRCAQ0AAAAAQCIU0AAA
AAAAJEIBDQAAAABAIhTQAAAAAAAkQgENAAAAAEAiFNAAAAAAACRCAQ0AAAAAQCIU0AAAAAAAJEIB
DQAAAABAIhTQAAAAAAAkQgENAAAAAEAiFNAAAAAAACRCAQ0AAAAAQCIU0AAAAAAAJEIBDQAAAABA
IhTQAAAAAAAkQgENAAAAAEAiFNAAAAAAACRCAQ0AAAAAQCIU0AAAAAAAJEIBDQAAAABAIhTQAAAA
AAAkQgENAAAAAEAiFNAAAAAAACRCAQ0AAAAAQCIU0AAAAAAAJEIBDQAAAABAIhTQAAAAAAAkQgEN
AAAAAEAiFNAAAAAAACRCAQ0AAAAAQCIU0AAAAAAAJEIBDQAAAABAIhTQAAAAAAAkQgENAAAAAEAi
FNAAAAAAACRCAQ0AAAAAQCIU0AAAAAAAJEIBDQAAAABAIhTQAAAAAAAkQgENAAAAAEAiFNAAAAAA
ACRCAQ0AAAAAQCIU0AAAAAAAJEIBDQAAAABAIhTQAAAAAAAkQgENAAAAAEAiStIOAEwv8+fPjxtu
uCFWrlwZhUIh7TgnpaenJzZv3hy333577Nq1K+04AAAAAFNOJiKKaYcApoelS5fGl7/85chmp9fF
FcPDw/Hnf/7nsXnz5rSjAAAAk9iiRYuioqIi7Rhj0tPTEzt27Eg7BjADWAENjJsbbrhh2pXPERHZ
bDZuuOGGuOmmm9KOAgAATELXXXddrF27NhoaGtKOclyam5vj4YcfjocffjjtKMA0poAGxs2yZcvS
jpCYpUuXph0BgBSUlpbGrFmzora2Nurq6qKuri4iItra2qKtrS3a29ujtbU1+vv7U04KQFo+/elP
x9q1a9OOcUIaGhrik5/8ZCxcuDC+853vpB0HmKYU0MC4KSsrSztCYkpLS9OOAMAEKC0tjUsuuSRO
O+20WLp0adTX14/p51paWmLr1q3xxhtvxFNPPaWQBpghrr/++ilbPr/f2rVrY+fOnVZCA4nIRcTX
0g4BTA+FQiGWL1+edoxEPPzww/Haa6+lHQOAhFRXV8fHPvax+NznPhfnn39+zJ8//7hmeFZUVMT8
+fPjrLPOiiuvvDIKhULs2rVLEQ0wzX3mM5+Z8puvHzZv3jwFNJAIK6CBcXP33XfHRRddFNXV1WlH
GVeHDh2Ku+++O+0YACSgoaEhrr322rj00ksjn8+PyzELhUJce+21cdVVV8X69evj/vvvj+bm5nE5
NgCTx6JFi6bczOejaWhoiEWLFtmYEBh302+3MCA1vb298cMf/jDtGOPujjvuiN7e3rRjADCOMplM
XHbZZfGVr3wlrrjiinErn98vn8/HFVdcEV/5yldi7dq1kclkxv0cAKTneK6UmSqm43MC0qeABsbV
k08+Oa2+Md+yZUusX78+7RgAjKPa2tr4/Oc/H7/1W78VVVVViZ+vqqoqPv3pT8fnP//5qK2tTfx8
AAAwmSiggXFVLBbj+9//ftoxxs0tt9wSxWIx7RgAjJPGxsb46le/GmeeeeaEn/vMM8+Mr371q9HY
2Djh5wYAgLQooIFxt2nTpnjuuefSjnHSnnjiiWm1mhtgpmtsbIwvfvGLqa5Crq2tjS9+8YtKaAAA
ZgwFNJCI2267Lfr7+9OOccK6urrizjvvTDsGAOOktrY2/vAP/3BSjMCYTFkAACBpCmggEW1tbfEv
//Ivacc4YXfddVd0dXWlHQOAcVBZWRlf+MIXoq6uLu0o76mrq4svfOELUVlZmXYUAABIVEnaAYDp
64EHHojLL788Ghoa0o5yXLZv3x5PPPFE2jEAGAeZTCZ++7d/O5qamtKOcoSmpqb47Gc/G3/7t39r
vwEAYEZpaGiISy+99IjbN27cGBs3bjzi9lWrVsWqVauOuH39+vXR3Nx8xO3XXXfdiOddt27dhGdB
AQ0kaHBwMG677bb43d/93bSjjFmxWLTxIMA0csMNN6Sy4eBYrVmzJm644Ya444470o4CADBhGhoa
4vrrrz/i9nXr1o1Y+q5evXrEUnnjxo0jlr4jHfvw8Sc6C0ZwAAl78cUXR3zBnqzWr18fW7duTTsG
AOOgrq4urrzyyrRjHNOHPvShmDVrVtoxAAAgEQpoIHE333xzDA8Ppx3jmHp6eqxAA5hGbrzxxigr
K0s7xjGVl5fHpz71qbRjAABAIhTQQOL27dsXjz32WNoxjunuu++OQ4cOpR0DgHEwd+7cWLNmTdox
xmzNmjXR2NiYdgwAABh3CmhgQvzwhz+Mzs7OtGOMas+ePfHjH/847RgAjJNrrrkmstmp81Y3m83G
1VdfnXYMAAAYdzYhBCZET09P3H333XHjjTemHWVEt9xyy5QYEwLAsWWz2Tj33HPTjnHczj333Pj+
97/v9xEAMO3t3LkzbrrppiNuH20Tv5/+9Kfx1ltvjXickYx07LSyoIAGJtDjjz8eV155ZTQ1NaUd
5QOeffbZePvtt9OOAcA4Oeuss6K6ujrtGMeturo6zjrrrHjppZfSjgIAkKju7u7YuHHjmB/f3Nw8
aiE8kuM5dtJZMIIDmEDFYjFuvvnmtGN8QF9fX9x6661pxwBgHJ1xxhlpRzhhUzk7AACMRAENTKhN
mzbF888/n3aM96xbty46OjrSjgHAOJrKJe5Uzg4AACNRQAMT7rbbbouBgYG0Y8TevXvjoYceSjsG
AOOoUChEQ0ND2jFOWENDQxQKhbRjAADAuFFAAxOutbU1fvSjH6UdI773ve/Z6Algmpk3b17aEU7a
dHgOAABwmE0IgVTcf//9cfnll0ddXV0q53/hhRdG3LUWgKltzpw5aUc4aXPmzInNmzenHQMAIDGr
Vq2KL37xi0fcvm7durjnnnuOuP3666+P66677ojbb7rpphE3EPzmN7854nl/53d+Z8KzYAU0kJKB
gYH4wQ9+MOPODUCyysrK0o5w0qbDcwAAgMMU0EBqnn322VS+HXzggQeiubl5ws8LQPKmw/zk6fAc
AADgMAU0kKp/+qd/mtA5zC0tLXH//fdP2PkAAAAAZjIFNJCq/fv3xyOPPDJh57vjjjuiv79/ws4H
wMTq7u5OO8JJmw7PAQAADlNAA6m7++67o729PfHzbNmyJZ599tnEzwNAevr6+tKOcNKmw3MAAIDD
MhFRTDsEwCWXXBKf/exnEzt+sViMP/3TP42dO3cmdg4A0jfaLuZTyZ/92Z/F5s2b044BwDFMh985
P++mm25KZZ8eYHqzAhqYFJ566qnYsmVLYsd/8sknlc8AM8DevXvTjnDSpsNzAACAwxTQwKTxne98
J4rF8b8oo7u7O+66665xPy4Ak09HR0c0NzenHeOENTc3mwENAMC0ooAGJo09e/bE448/Pu7HXbdu
XXR2do77cQGYnKbypcOvvfZa2hEAAGBcKaCBSeXOO+8c17J4//798eijj47b8QCY/F544YW0I5yw
l19+Oe0IAAAwrkrSDgDwfj09PXHXXXfFb/zGb4zL8W655ZYYHh4el2MBMDVs2LAhDh06FNXV1WlH
OS6HDh2K119/Pe0YAACTTkNDQzQ0NEzoOZubm6f0aLfJRAENTDpPPvlkXHnllbFw4cKTOs7LL78c
b7755jilAmCqGB4ejmeeeSauuuqqtKMcl6eeesqXpgAAI1i7dm1cd911E3rOdevWxT333DOh55yu
jOAAJp1isXjSGxIODg7GrbfeOo6pAJhKHnvssSlV5g4PD8eDDz6YdgwAABh3CmhgUtq+fXusX7/+
hH/+oYceioMHD45jIgCmkn379sXzzz+fdowxe+aZZ6K9vT3tGAAAMO4U0MCkdfvtt0dPT89x/1xb
W1vcd999CSQCYCq5/fbbY3BwMO0Yx9TX1xd33nln2jEAACARCmhg0urs7DyheUt33nln9PX1JZAI
gKmktbU11q1bl3aMY7rnnnuira0t7RgAAJAImxACk9qjjz4aV1xxRcybN29Mj9+2bVs8/fTTCacC
YKq4//77Y8WKFbFmzZq0o4xow4YN8dBDD6UdAwBgUnvrrbdmxDmnKwU0MKkNDw/Hd7/73fjSl750
zMcWi8W4+eabT2rzQgCml2KxGP/wD/8QX/rSl6KpqSntOB+wa9eu+Pa3v+33FgDAMWzcuDE2btyY
dgxOkBEcwKS3adOmeO655475uPXr18f27dsnIBEAU0lPT0/89V//9aQac9HW1hbf+MY3TmivAwAA
mEoU0MCUcOuttx51rnNvb2/ccccdE5gIgKmkvb09/uqv/ira29vTjjKpsgAAQNIU0MCU0N7eHvfd
d9+o9997771x6NChCUwEwFSzd+/euOmmm1Itftvb2+Omm26KvXv3ppYBAAAmkgIamDIefPDB2L9/
/xG3HzhwIB5++OEUEgEw1ezbty++/vWvx4YNGyb83Bs2bIivf/3rsW/fvgk/NwAApCUXEV9LOwTA
WBSLxXjppZeirq4uGhoaIpfLxeuvvx7f/va3o7OzM+14AEwRfX198cwzz8SBAwdi5cqVUVpamuj5
Ojs74+abb4477rjjqOOkAJhaGhoaYu3atWnHGFfr16+P5ubmtGMA00xJ2gEAjkdra2t861vfSjsG
ANPA008/HRs2bIjrr78+PvzhDydyjkcffTTuueee6OrqSuT4AKRnOm4kOx2fE5A+BTQAADNWV1dX
/PM//3Pce++9cfXVV8cVV1wRhULhpI7Z2dkZjz/+eDzyyCP2JwCYxnbs2BHNzc3R0NCQdpRx0dzc
HDt27Eg7BjANZSKimHYIAACYDEpLS+OSSy6J0047LZYuXRr19fVj+rmWlpbYunVrbNiwIX7yk58k
nBKAyeL666+P6667Lu0Y4+LWW2+1tw6QCAU0AACMorS0NGbNmhW1tbVRV1cXdXV1ERHR1tYWbW1t
0d7eHq2trdHf359yUgDS8pnPfCYuvfTStGOclPXr18c//uM/ph0DmKYU0AAAAAAn4aqrroqrrrpq
yo3jaG5ujocfftjKZyBRCmgAAACAcbBo0aKoqKhIO8aY9PT0mPkMTAgFNAAAAAAAicimHQAAAAAA
gOlJAQ0AAAAAQCIU0AAAAAAAJEIBDQAAAABAIhTQAAAAAAAkQgENAAAAAEAiFNAAAAAAACRCAQ0A
AAAAQCIU0AAAAAAAJEIBDQAAAABAIhTQAAAAAAAkQgENAAAAAEAiFNAAAAAAACRCAQ0AAAAAQCIU
0AAAAAAAJEIBDQAAAABAIhTQAAAAAAAkQgENAAAAAEAiFNAAAAAAACRCAQ0AAAAAQCIU0AAAAAAA
JEIBDQAAAABAIhTQAAAAAAAkQgENAAAAAEAiFNAAAAAAACRCAQ0AAAAAQCIU0AAAAAAAJEIBDQAA
AABAIhTQAAAAAAAkQgENAAAAAEAiFNAAAAAAACRCAQ0AAAAAQCIU0AAAAAAAJEIBDQAAAABAIhTQ
AAAAAAAkQgENAAAAAEAiFNAAAAAAACRCAQ0AAAAAQCIU0AAAAAAAJEIBDQAAAABAIhTQAAAAAAAk
QgENAAAAAEAiFNAAAAAAACRCAQ0AAAAAQCIU0AAAAAAAJEIBDQAAAABAIhTQAAAAAAAkQgENAAAA
AEAiFNAAAAAAACRCAQ0AAAAAQCIU0AAAAAAAJEIBDQAAAABAIhTQAAAAAAAkQgENAAAAAEAiFNAA
AAAAACRCAQ0AAAAAQCL+f2iId5sePP3EAAAAAElFTkSuQmCC
" width="800px"&gt;</msg>
<status status="PASS" starttime="20231001 20:32:52.419" endtime="20231001 20:32:53.758"/>
</kw>
<msg timestamp="20231001 20:32:53.759" level="INFO">xpath criteria: //android.view.View[@content-desc="Criar uma entrada de texto para a senha, Criar uma senha"]
xpath criteria: //android.view.View[@content-desc="Criar uma entrada de texto para a senha, Criar uma senha"]</msg>
<msg timestamp="20231001 20:32:53.759" level="FAIL">Element locator 'xpath=//android.view.View[@content-desc="Criar uma entrada de texto para a senha, Criar uma senha"]' did not match any elements after 20 seconds</msg>
<status status="FAIL" starttime="20231001 20:32:24.041" endtime="20231001 20:32:53.759"/>
</kw>
<kw name="Input Text" library="AppiumLibrary">
<arg>${SENHA_CADASTRO}</arg>
<arg>Test123!2023</arg>
<doc>Types the given `text` into text field identified by `locator`.</doc>
<status status="NOT RUN" starttime="20231001 20:32:53.759" endtime="20231001 20:32:53.759"/>
</kw>
<kw name="Click Element" library="AppiumLibrary">
<arg>${AVANÇAR_BOTÃO}</arg>
<doc>Click element identified by `locator`.</doc>
<status status="NOT RUN" starttime="20231001 20:32:53.760" endtime="20231001 20:32:53.760"/>
</kw>
<kw name="Wait Until Element Is Visible" library="AppiumLibrary">
<arg>${NOME_CADAS}</arg>
<arg>timeout=20s</arg>
<doc>Waits until element specified with `locator` is visible.</doc>
<status status="NOT RUN" starttime="20231001 20:32:53.760" endtime="20231001 20:32:53.760"/>
</kw>
<kw name="Input Text" library="AppiumLibrary">
<arg>${NOME_CADAS}</arg>
<arg>Teste Usuário Pinterest</arg>
<doc>Types the given `text` into text field identified by `locator`.</doc>
<status status="NOT RUN" starttime="20231001 20:32:53.760" endtime="20231001 20:32:53.760"/>
</kw>
<kw name="Click Element" library="AppiumLibrary">
<arg>${AVANÇAR_BOTÃO}</arg>
<doc>Click element identified by `locator`.</doc>
<status status="NOT RUN" starttime="20231001 20:32:53.760" endtime="20231001 20:32:53.760"/>
</kw>
<kw name="Sleep" library="BuiltIn">
<arg>5s</arg>
<doc>Pauses the test executed for the given time.</doc>
<status status="NOT RUN" starttime="20231001 20:32:53.760" endtime="20231001 20:32:53.760"/>
</kw>
<kw name="Input Text" library="AppiumLibrary">
<arg>${IDADE_CADAS}</arg>
<arg>25</arg>
<doc>Types the given `text` into text field identified by `locator`.</doc>
<status status="NOT RUN" starttime="20231001 20:32:53.760" endtime="20231001 20:32:53.760"/>
</kw>
<kw name="Click Element" library="AppiumLibrary">
<arg>${AVANÇAR_BOTÃO}</arg>
<doc>Click element identified by `locator`.</doc>
<status status="NOT RUN" starttime="20231001 20:32:53.760" endtime="20231001 20:32:53.760"/>
</kw>
<kw name="Wait Until Element Is Visible" library="AppiumLibrary">
<arg>${GENERO_CADASTRO}</arg>
<arg>timeout=20s</arg>
<doc>Waits until element specified with `locator` is visible.</doc>
<status status="NOT RUN" starttime="20231001 20:32:53.761" endtime="20231001 20:32:53.761"/>
</kw>
<kw name="Click Element" library="AppiumLibrary">
<arg>${GENERO_CADASTRO}</arg>
<doc>Click element identified by `locator`.</doc>
<status status="NOT RUN" starttime="20231001 20:32:53.761" endtime="20231001 20:32:53.761"/>
</kw>
<kw name="Wait Until Element Is Visible" library="AppiumLibrary">
<arg>${AVANÇAR_BOTAO_UM}</arg>
<arg>timeout=10s</arg>
<doc>Waits until element specified with `locator` is visible.</doc>
<status status="NOT RUN" starttime="20231001 20:32:53.761" endtime="20231001 20:32:53.761"/>
</kw>
<kw name="Click Element" library="AppiumLibrary">
<arg>${AVANÇAR_BOTAO_UM}</arg>
<doc>Click element identified by `locator`.</doc>
<status status="NOT RUN" starttime="20231001 20:32:53.761" endtime="20231001 20:32:53.761"/>
</kw>
<kw name="Sleep" library="BuiltIn">
<arg>10s</arg>
<doc>Pauses the test executed for the given time.</doc>
<status status="NOT RUN" starttime="20231001 20:32:53.761" endtime="20231001 20:32:53.761"/>
</kw>
<kw name="Wait Until Element Is Visible" library="AppiumLibrary">
<arg>${INTERESSE_UM}</arg>
<arg>timeout=10s</arg>
<doc>Waits until element specified with `locator` is visible.</doc>
<status status="NOT RUN" starttime="20231001 20:32:53.761" endtime="20231001 20:32:53.761"/>
</kw>
<kw name="Click Element" library="AppiumLibrary">
<arg>${INTERESSE_UM}</arg>
<doc>Click element identified by `locator`.</doc>
<status status="NOT RUN" starttime="20231001 20:32:53.761" endtime="20231001 20:32:53.761"/>
</kw>
<kw name="Wait Until Element Is Visible" library="AppiumLibrary">
<arg>${INTERESSE_DOIS}</arg>
<arg>timeout=10s</arg>
<doc>Waits until element specified with `locator` is visible.</doc>
<status status="NOT RUN" starttime="20231001 20:32:53.761" endtime="20231001 20:32:53.761"/>
</kw>
<kw name="Click Element" library="AppiumLibrary">
<arg>${INTERESSE_DOIS}</arg>
<doc>Click element identified by `locator`.</doc>
<status status="NOT RUN" starttime="20231001 20:32:53.762" endtime="20231001 20:32:53.762"/>
</kw>
<kw name="Wait Until Element Is Visible" library="AppiumLibrary">
<arg>${INTERESSE_TRES}</arg>
<arg>timeout=10s</arg>
<doc>Waits until element specified with `locator` is visible.</doc>
<status status="NOT RUN" starttime="20231001 20:32:53.762" endtime="20231001 20:32:53.762"/>
</kw>
<kw name="Click Element" library="AppiumLibrary">
<arg>${INTERESSE_TRES}</arg>
<doc>Click element identified by `locator`.</doc>
<status status="NOT RUN" starttime="20231001 20:32:53.762" endtime="20231001 20:32:53.762"/>
</kw>
<kw name="Wait Until Element Is Visible" library="AppiumLibrary">
<arg>${INTERESSE_QUATRO}</arg>
<arg>timeout=10s</arg>
<doc>Waits until element specified with `locator` is visible.</doc>
<status status="NOT RUN" starttime="20231001 20:32:53.762" endtime="20231001 20:32:53.762"/>
</kw>
<kw name="Click Element" library="AppiumLibrary">
<arg>${INTERESSE_QUATRO}</arg>
<doc>Click element identified by `locator`.</doc>
<status status="NOT RUN" starttime="20231001 20:32:53.762" endtime="20231001 20:32:53.762"/>
</kw>
<kw name="Wait Until Element Is Visible" library="AppiumLibrary">
<arg>${INTERESSE_CINCO}</arg>
<arg>timeout=10s</arg>
<doc>Waits until element specified with `locator` is visible.</doc>
<status status="NOT RUN" starttime="20231001 20:32:53.762" endtime="20231001 20:32:53.762"/>
</kw>
<kw name="Click Element" library="AppiumLibrary">
<arg>${INTERESSE_CINCO}</arg>
<doc>Click element identified by `locator`.</doc>
<status status="NOT RUN" starttime="20231001 20:32:53.762" endtime="20231001 20:32:53.762"/>
</kw>
<kw name="Wait Until Element Is Visible" library="AppiumLibrary">
<arg>${AVANÇAR_BOTAO_DOIS}</arg>
<arg>timeout=20s</arg>
<doc>Waits until element specified with `locator` is visible.</doc>
<status status="NOT RUN" starttime="20231001 20:32:53.762" endtime="20231001 20:32:53.763"/>
</kw>
<kw name="Click Element" library="AppiumLibrary">
<arg>${AVANÇAR_BOTAO_DOIS}</arg>
<doc>Click element identified by `locator`.</doc>
<status status="NOT RUN" starttime="20231001 20:32:53.763" endtime="20231001 20:32:53.763"/>
</kw>
<kw name="Sleep" library="BuiltIn">
<arg>10s</arg>
<doc>Pauses the test executed for the given time.</doc>
<status status="NOT RUN" starttime="20231001 20:32:53.763" endtime="20231001 20:32:53.763"/>
</kw>
<status status="FAIL" starttime="20231001 20:32:22.783" endtime="20231001 20:32:53.763"/>
</kw>
<kw name="Então o usuário será cadastrado com sucesso" library="keywords">
<status status="NOT RUN" starttime="20231001 20:32:53.764" endtime="20231001 20:32:53.764"/>
</kw>
<status status="FAIL" starttime="20231001 20:32:06.773" endtime="20231001 20:32:53.764">Element locator 'xpath=//android.view.View[@content-desc="Criar uma entrada de texto para a senha, Criar uma senha"]' did not match any elements after 20 seconds</status>
</test>
<test id="s1-t2" name="Cenário: Login com sucesso" line="16">
<kw name="Dado que o usuário está na Página Inicial" library="keywords">
<kw name="Open Application" library="AppiumLibrary">
<arg>${APPIUM_SERVER}</arg>
<arg>platformName=${PLATFORM_NAME}</arg>
<arg>deviceName=${DEVICE_NAME}</arg>
<arg>appPackage=${APP_PACKAGE}</arg>
<arg>appActivity=${APP_ACTIVITY}</arg>
<doc>Opens a new application to given Appium server.
Capabilities of appium server, Android and iOS,
Please check https://github.com/appium/appium/blob/master/docs/en/writing-running-appium/server-args.md
| *Option*            | *Man.* | *Description*     |
| remote_url          | Yes    | Appium server url |
| alias               | no     | alias             |
| strict_ssl          | No     | allows you to send commands to an invalid certificate host like a self-signed one. |</doc>
<kw name="Capture Page Screenshot" library="AppiumLibrary">
<doc>Takes a screenshot of the current page and embeds it into the log.</doc>
<status status="FAIL" starttime="20231001 20:33:07.607" endtime="20231001 20:33:07.608"/>
</kw>
<msg timestamp="20231001 20:33:07.621" level="WARN">Keyword 'Capture Page Screenshot' could not be run on failure: Execution terminated by signal</msg>
<status status="FAIL" starttime="20231001 20:32:53.765" endtime="20231001 20:33:07.622"/>
</kw>
<kw name="Wait Until Element Is Visible" library="AppiumLibrary">
<arg>${BEM_VINDO}</arg>
<arg>timeout=10s</arg>
<doc>Waits until element specified with `locator` is visible.</doc>
<status status="NOT RUN" starttime="20231001 20:33:07.623" endtime="20231001 20:33:07.623"/>
</kw>
<status status="FAIL" starttime="20231001 20:32:53.765" endtime="20231001 20:33:07.623"/>
</kw>
<kw name="Quando insere as credenciais válidas" library="keywords">
<status status="NOT RUN" starttime="20231001 20:33:07.623" endtime="20231001 20:33:07.624"/>
</kw>
<kw name="Então o usuário é redirecionado para a página inicial do Pinterest" library="keywords">
<status status="NOT RUN" starttime="20231001 20:33:07.624" endtime="20231001 20:33:07.624"/>
</kw>
<status status="FAIL" starttime="20231001 20:32:53.765" endtime="20231001 20:33:07.624">Execution terminated by signal</status>
</test>
<test id="s1-t3" name="Cenário: Pesquisar por um Pin" line="21">
<tag>robot:exit</tag>
<status status="FAIL" starttime="20231001 20:33:07.626" endtime="20231001 20:33:07.626">Test execution stopped due to a fatal error.</status>
</test>
<test id="s1-t4" name="Cenário: Realizar logout no aplicativo" line="26">
<tag>robot:exit</tag>
<status status="FAIL" starttime="20231001 20:33:07.628" endtime="20231001 20:33:07.629">Test execution stopped due to a fatal error.</status>
</test>
<status status="FAIL" starttime="20231001 20:32:06.527" endtime="20231001 20:33:07.630"/>
</suite>
<statistics>
<total>
<stat pass="0" fail="4" skip="0">All Tests</stat>
</total>
<tag>
<stat pass="0" fail="2" skip="0" info="combined" combined="NOT robot:exit">NOT robot:exit</stat>
</tag>
<suite>
<stat pass="0" fail="4" skip="0" id="s1" name="Code-Pinterest">Code-Pinterest</stat>
</suite>
</statistics>
<errors>
<msg timestamp="20231001 20:33:07.621" level="WARN">Keyword 'Capture Page Screenshot' could not be run on failure: Execution terminated by signal</msg>
</errors>
</robot>
